#
# There is insufficient memory for the Java Runtime Environment to continue.
# Native memory allocation (malloc) failed to allocate 32744 bytes for ChunkPool::allocate
# Possible reasons:
#   The system is out of physical RAM or swap space
#   The process is running with CompressedOops enabled, and the Java Heap may be blocking the growth of the native heap
# Possible solutions:
#   Reduce memory load on the system
#   Increase physical memory or swap space
#   Check if swap backing store is full
#   Decrease Java heap size (-Xmx/-Xms)
#   Decrease number of Java threads
#   Decrease Java thread stack sizes (-Xss)
#   Set larger code cache with -XX:ReservedCodeCacheSize=
#   JVM is running with Unscaled Compressed Oops mode in which the Java heap is
#     placed in the first 4GB address space. The Java Heap base address is the
#     maximum limit for the native heap growth. Please use -XX:HeapBaseMinAddress
#     to set the Java Heap base and to place the Java Heap above 4GB virtual address.
# This output file may be truncated or incomplete.
#
#  Out of Memory Error (t:/workspace/open/src/hotspot/share/memory/arena.cpp:80), pid=9552, tid=13748
#
# JRE version: Java(TM) SE Runtime Environment (13.0.2+8) (build 13.0.2+8)
# Java VM: Java HotSpot(TM) 64-Bit Server VM (13.0.2+8, mixed mode, sharing, tiered, compressed oops, g1 gc, windows-amd64)
# No core dump will be written. Minidumps are not enabled by default on client versions of Windows
#

---------------  S U M M A R Y ------------

Command Line: -Dcom.sun.management.jmxremote -Dcom.sun.management.jmxremote.port=52038 -Dcom.sun.management.jmxremote.authenticate=false -Dcom.sun.management.jmxremote.ssl=false -Djava.rmi.server.hostname=localhost -Dspring.application.admin.enabled=true -Dspring.jmx.enabled=true -Dfile.encoding=UTF-8 com.win.transitapp.DemoApplication

Host: Intel(R) Core(TM) i5-5300U CPU @ 2.30GHz, 4 cores, 7G,  Windows 10 , 64 bit Build 18362 (10.0.18362.959)
Time: Tue Aug  4 10:44:06 2020 Eastern Daylight Time elapsed time: 0 seconds (0d 0h 0m 0s)

---------------  T H R E A D  ---------------

Current thread (0x0000021b41938000):  JavaThread "C1 CompilerThread0" daemon [_thread_in_native, id=13748, stack(0x0000008932a00000,0x0000008932b00000)]


Current CompileTask:
C1:    698  440       3       jdk.internal.org.objectweb.asm.Frame::execute (2305 bytes)

Stack: [0x0000008932a00000,0x0000008932b00000]
Native frames: (J=compiled Java code, j=interpreted, Vv=VM code, C=native code)
V  [jvm.dll+0x624f9a]
V  [jvm.dll+0x770cfa]
V  [jvm.dll+0x7724af]
V  [jvm.dll+0x772ab3]
V  [jvm.dll+0x24bf08]
V  [jvm.dll+0xc2076]
V  [jvm.dll+0xc23cc]
V  [jvm.dll+0x173d94]
V  [jvm.dll+0x170437]
V  [jvm.dll+0x12a165]
V  [jvm.dll+0x1299df]
V  [jvm.dll+0x129c0f]
V  [jvm.dll+0x128ea7]
V  [jvm.dll+0x12adc7]
V  [jvm.dll+0x213e6d]
V  [jvm.dll+0x2120bb]
V  [jvm.dll+0x736bb6]
V  [jvm.dll+0x72fcaa]
V  [jvm.dll+0x623ea6]
C  [ucrtbase.dll+0x20e82]
C  [KERNEL32.DLL+0x17bd4]
C  [ntdll.dll+0x6ce51]


---------------  P R O C E S S  ---------------

Threads class SMR info:
_java_thread_list=0x0000021b4238f640, length=10, elements={
0x0000021b232d4800, 0x0000021b418f0800, 0x0000021b418f5800, 0x0000021b41930000,
0x0000021b41933000, 0x0000021b41935000, 0x0000021b41938000, 0x0000021b422c5000,
0x0000021b418d7000, 0x0000021b423b5000
}

Java Threads: ( => current thread )
  0x0000021b232d4800 JavaThread "main" [_thread_in_vm, id=7968, stack(0x0000008931e00000,0x0000008931f00000)]
  0x0000021b418f0800 JavaThread "Reference Handler" daemon [_thread_blocked, id=12632, stack(0x0000008932500000,0x0000008932600000)]
  0x0000021b418f5800 JavaThread "Finalizer" daemon [_thread_blocked, id=8416, stack(0x0000008932600000,0x0000008932700000)]
  0x0000021b41930000 JavaThread "Signal Dispatcher" daemon [_thread_blocked, id=10944, stack(0x0000008932700000,0x0000008932800000)]
  0x0000021b41933000 JavaThread "Attach Listener" daemon [_thread_blocked, id=15712, stack(0x0000008932800000,0x0000008932900000)]
  0x0000021b41935000 JavaThread "C2 CompilerThread0" daemon [_thread_blocked, id=8072, stack(0x0000008932900000,0x0000008932a00000)]
=>0x0000021b41938000 JavaThread "C1 CompilerThread0" daemon [_thread_in_native, id=13748, stack(0x0000008932a00000,0x0000008932b00000)]
  0x0000021b422c5000 JavaThread "Sweeper thread" daemon [_thread_blocked, id=14460, stack(0x0000008932b00000,0x0000008932c00000)]
  0x0000021b418d7000 JavaThread "Common-Cleaner" daemon [_thread_blocked, id=15544, stack(0x0000008932c00000,0x0000008932d00000)]
  0x0000021b423b5000 JavaThread "Service Thread" daemon [_thread_blocked, id=12604, stack(0x0000008932d00000,0x0000008932e00000)]

Other Threads:
  0x0000021b418ed000 VMThread "VM Thread" [stack: 0x0000008932400000,0x0000008932500000] [id=7328]
  0x0000021b2331a800 GCTaskThread "GC Thread#0" [stack: 0x0000008931f00000,0x0000008932000000] [id=9060]
  0x0000021b2332c000 ConcurrentGCThread "G1 Main Marker" [stack: 0x0000008932000000,0x0000008932100000] [id=2668]
  0x0000021b2332d800 ConcurrentGCThread "G1 Conc#0" [stack: 0x0000008932100000,0x0000008932200000] [id=9736]
  0x0000021b41770800 ConcurrentGCThread "G1 Refine#0" [stack: 0x0000008932200000,0x0000008932300000] [id=3696]
  0x0000021b23399000 ConcurrentGCThread "G1 Young RemSet Sampling" [stack: 0x0000008932300000,0x0000008932400000] [id=13880]

Threads with active compile tasks:
C1 CompilerThread0      731  440       3       jdk.internal.org.objectweb.asm.Frame::execute (2305 bytes)

VM state:not at safepoint (normal execution)

VM Mutex/Monitor currently owned by a thread: None

Heap address: 0x0000000081a00000, size: 2022 MB, Compressed Oops mode: 32-bit
Narrow klass base: 0x0000000800000000, Narrow klass shift: 3
Compressed class space size: 1073741824 Address: 0x0000000800b40000

Heap:
 garbage-first heap   total 131072K, used 3072K [0x0000000081a00000, 0x0000000100000000)
  region size 1024K, 5 young (5120K), 0 survivors (0K)
 Metaspace       used 2090K, capacity 4647K, committed 4864K, reserved 1056768K
  class space    used 240K, capacity 449K, committed 512K, reserved 1048576K
Heap Regions: E=young(eden), S=young(survivor), O=old, HS=humongous(starts), HC=humongous(continues), CS=collection set, F=free, A=archive, TAMS=top-at-mark-start (previous, next)
|   0|0x0000000081a00000, 0x0000000081a00000, 0x0000000081b00000|  0%| F|  |TAMS 0x0000000081a00000, 0x0000000081a00000| Untracked 
|   1|0x0000000081b00000, 0x0000000081b00000, 0x0000000081c00000|  0%| F|  |TAMS 0x0000000081b00000, 0x0000000081b00000| Untracked 
|   2|0x0000000081c00000, 0x0000000081c00000, 0x0000000081d00000|  0%| F|  |TAMS 0x0000000081c00000, 0x0000000081c00000| Untracked 
|   3|0x0000000081d00000, 0x0000000081d00000, 0x0000000081e00000|  0%| F|  |TAMS 0x0000000081d00000, 0x0000000081d00000| Untracked 
|   4|0x0000000081e00000, 0x0000000081e00000, 0x0000000081f00000|  0%| F|  |TAMS 0x0000000081e00000, 0x0000000081e00000| Untracked 
|   5|0x0000000081f00000, 0x0000000081f00000, 0x0000000082000000|  0%| F|  |TAMS 0x0000000081f00000, 0x0000000081f00000| Untracked 
|   6|0x0000000082000000, 0x0000000082000000, 0x0000000082100000|  0%| F|  |TAMS 0x0000000082000000, 0x0000000082000000| Untracked 
|   7|0x0000000082100000, 0x0000000082100000, 0x0000000082200000|  0%| F|  |TAMS 0x0000000082100000, 0x0000000082100000| Untracked 
|   8|0x0000000082200000, 0x0000000082200000, 0x0000000082300000|  0%| F|  |TAMS 0x0000000082200000, 0x0000000082200000| Untracked 
|   9|0x0000000082300000, 0x0000000082300000, 0x0000000082400000|  0%| F|  |TAMS 0x0000000082300000, 0x0000000082300000| Untracked 
|  10|0x0000000082400000, 0x0000000082400000, 0x0000000082500000|  0%| F|  |TAMS 0x0000000082400000, 0x0000000082400000| Untracked 
|  11|0x0000000082500000, 0x0000000082500000, 0x0000000082600000|  0%| F|  |TAMS 0x0000000082500000, 0x0000000082500000| Untracked 
|  12|0x0000000082600000, 0x0000000082600000, 0x0000000082700000|  0%| F|  |TAMS 0x0000000082600000, 0x0000000082600000| Untracked 
|  13|0x0000000082700000, 0x0000000082700000, 0x0000000082800000|  0%| F|  |TAMS 0x0000000082700000, 0x0000000082700000| Untracked 
|  14|0x0000000082800000, 0x0000000082800000, 0x0000000082900000|  0%| F|  |TAMS 0x0000000082800000, 0x0000000082800000| Untracked 
|  15|0x0000000082900000, 0x0000000082900000, 0x0000000082a00000|  0%| F|  |TAMS 0x0000000082900000, 0x0000000082900000| Untracked 
|  16|0x0000000082a00000, 0x0000000082a00000, 0x0000000082b00000|  0%| F|  |TAMS 0x0000000082a00000, 0x0000000082a00000| Untracked 
|  17|0x0000000082b00000, 0x0000000082b00000, 0x0000000082c00000|  0%| F|  |TAMS 0x0000000082b00000, 0x0000000082b00000| Untracked 
|  18|0x0000000082c00000, 0x0000000082c00000, 0x0000000082d00000|  0%| F|  |TAMS 0x0000000082c00000, 0x0000000082c00000| Untracked 
|  19|0x0000000082d00000, 0x0000000082d00000, 0x0000000082e00000|  0%| F|  |TAMS 0x0000000082d00000, 0x0000000082d00000| Untracked 
|  20|0x0000000082e00000, 0x0000000082e00000, 0x0000000082f00000|  0%| F|  |TAMS 0x0000000082e00000, 0x0000000082e00000| Untracked 
|  21|0x0000000082f00000, 0x0000000082f00000, 0x0000000083000000|  0%| F|  |TAMS 0x0000000082f00000, 0x0000000082f00000| Untracked 
|  22|0x0000000083000000, 0x0000000083000000, 0x0000000083100000|  0%| F|  |TAMS 0x0000000083000000, 0x0000000083000000| Untracked 
|  23|0x0000000083100000, 0x0000000083100000, 0x0000000083200000|  0%| F|  |TAMS 0x0000000083100000, 0x0000000083100000| Untracked 
|  24|0x0000000083200000, 0x0000000083200000, 0x0000000083300000|  0%| F|  |TAMS 0x0000000083200000, 0x0000000083200000| Untracked 
|  25|0x0000000083300000, 0x0000000083300000, 0x0000000083400000|  0%| F|  |TAMS 0x0000000083300000, 0x0000000083300000| Untracked 
|  26|0x0000000083400000, 0x0000000083400000, 0x0000000083500000|  0%| F|  |TAMS 0x0000000083400000, 0x0000000083400000| Untracked 
|  27|0x0000000083500000, 0x0000000083500000, 0x0000000083600000|  0%| F|  |TAMS 0x0000000083500000, 0x0000000083500000| Untracked 
|  28|0x0000000083600000, 0x0000000083600000, 0x0000000083700000|  0%| F|  |TAMS 0x0000000083600000, 0x0000000083600000| Untracked 
|  29|0x0000000083700000, 0x0000000083700000, 0x0000000083800000|  0%| F|  |TAMS 0x0000000083700000, 0x0000000083700000| Untracked 
|  30|0x0000000083800000, 0x0000000083800000, 0x0000000083900000|  0%| F|  |TAMS 0x0000000083800000, 0x0000000083800000| Untracked 
|  31|0x0000000083900000, 0x0000000083900000, 0x0000000083a00000|  0%| F|  |TAMS 0x0000000083900000, 0x0000000083900000| Untracked 
|  32|0x0000000083a00000, 0x0000000083a00000, 0x0000000083b00000|  0%| F|  |TAMS 0x0000000083a00000, 0x0000000083a00000| Untracked 
|  33|0x0000000083b00000, 0x0000000083b00000, 0x0000000083c00000|  0%| F|  |TAMS 0x0000000083b00000, 0x0000000083b00000| Untracked 
|  34|0x0000000083c00000, 0x0000000083c00000, 0x0000000083d00000|  0%| F|  |TAMS 0x0000000083c00000, 0x0000000083c00000| Untracked 
|  35|0x0000000083d00000, 0x0000000083d00000, 0x0000000083e00000|  0%| F|  |TAMS 0x0000000083d00000, 0x0000000083d00000| Untracked 
|  36|0x0000000083e00000, 0x0000000083e00000, 0x0000000083f00000|  0%| F|  |TAMS 0x0000000083e00000, 0x0000000083e00000| Untracked 
|  37|0x0000000083f00000, 0x0000000083f00000, 0x0000000084000000|  0%| F|  |TAMS 0x0000000083f00000, 0x0000000083f00000| Untracked 
|  38|0x0000000084000000, 0x0000000084000000, 0x0000000084100000|  0%| F|  |TAMS 0x0000000084000000, 0x0000000084000000| Untracked 
|  39|0x0000000084100000, 0x0000000084100000, 0x0000000084200000|  0%| F|  |TAMS 0x0000000084100000, 0x0000000084100000| Untracked 
|  40|0x0000000084200000, 0x0000000084200000, 0x0000000084300000|  0%| F|  |TAMS 0x0000000084200000, 0x0000000084200000| Untracked 
|  41|0x0000000084300000, 0x0000000084300000, 0x0000000084400000|  0%| F|  |TAMS 0x0000000084300000, 0x0000000084300000| Untracked 
|  42|0x0000000084400000, 0x0000000084400000, 0x0000000084500000|  0%| F|  |TAMS 0x0000000084400000, 0x0000000084400000| Untracked 
|  43|0x0000000084500000, 0x0000000084500000, 0x0000000084600000|  0%| F|  |TAMS 0x0000000084500000, 0x0000000084500000| Untracked 
|  44|0x0000000084600000, 0x0000000084600000, 0x0000000084700000|  0%| F|  |TAMS 0x0000000084600000, 0x0000000084600000| Untracked 
|  45|0x0000000084700000, 0x0000000084700000, 0x0000000084800000|  0%| F|  |TAMS 0x0000000084700000, 0x0000000084700000| Untracked 
|  46|0x0000000084800000, 0x0000000084800000, 0x0000000084900000|  0%| F|  |TAMS 0x0000000084800000, 0x0000000084800000| Untracked 
|  47|0x0000000084900000, 0x0000000084900000, 0x0000000084a00000|  0%| F|  |TAMS 0x0000000084900000, 0x0000000084900000| Untracked 
|  48|0x0000000084a00000, 0x0000000084a00000, 0x0000000084b00000|  0%| F|  |TAMS 0x0000000084a00000, 0x0000000084a00000| Untracked 
|  49|0x0000000084b00000, 0x0000000084b00000, 0x0000000084c00000|  0%| F|  |TAMS 0x0000000084b00000, 0x0000000084b00000| Untracked 
|  50|0x0000000084c00000, 0x0000000084c00000, 0x0000000084d00000|  0%| F|  |TAMS 0x0000000084c00000, 0x0000000084c00000| Untracked 
|  51|0x0000000084d00000, 0x0000000084d00000, 0x0000000084e00000|  0%| F|  |TAMS 0x0000000084d00000, 0x0000000084d00000| Untracked 
|  52|0x0000000084e00000, 0x0000000084e00000, 0x0000000084f00000|  0%| F|  |TAMS 0x0000000084e00000, 0x0000000084e00000| Untracked 
|  53|0x0000000084f00000, 0x0000000084f00000, 0x0000000085000000|  0%| F|  |TAMS 0x0000000084f00000, 0x0000000084f00000| Untracked 
|  54|0x0000000085000000, 0x0000000085000000, 0x0000000085100000|  0%| F|  |TAMS 0x0000000085000000, 0x0000000085000000| Untracked 
|  55|0x0000000085100000, 0x0000000085100000, 0x0000000085200000|  0%| F|  |TAMS 0x0000000085100000, 0x0000000085100000| Untracked 
|  56|0x0000000085200000, 0x0000000085200000, 0x0000000085300000|  0%| F|  |TAMS 0x0000000085200000, 0x0000000085200000| Untracked 
|  57|0x0000000085300000, 0x0000000085300000, 0x0000000085400000|  0%| F|  |TAMS 0x0000000085300000, 0x0000000085300000| Untracked 
|  58|0x0000000085400000, 0x0000000085400000, 0x0000000085500000|  0%| F|  |TAMS 0x0000000085400000, 0x0000000085400000| Untracked 
|  59|0x0000000085500000, 0x0000000085500000, 0x0000000085600000|  0%| F|  |TAMS 0x0000000085500000, 0x0000000085500000| Untracked 
|  60|0x0000000085600000, 0x0000000085600000, 0x0000000085700000|  0%| F|  |TAMS 0x0000000085600000, 0x0000000085600000| Untracked 
|  61|0x0000000085700000, 0x0000000085700000, 0x0000000085800000|  0%| F|  |TAMS 0x0000000085700000, 0x0000000085700000| Untracked 
|  62|0x0000000085800000, 0x0000000085800000, 0x0000000085900000|  0%| F|  |TAMS 0x0000000085800000, 0x0000000085800000| Untracked 
|  63|0x0000000085900000, 0x0000000085900000, 0x0000000085a00000|  0%| F|  |TAMS 0x0000000085900000, 0x0000000085900000| Untracked 
|  64|0x0000000085a00000, 0x0000000085a00000, 0x0000000085b00000|  0%| F|  |TAMS 0x0000000085a00000, 0x0000000085a00000| Untracked 
|  65|0x0000000085b00000, 0x0000000085b00000, 0x0000000085c00000|  0%| F|  |TAMS 0x0000000085b00000, 0x0000000085b00000| Untracked 
|  66|0x0000000085c00000, 0x0000000085c00000, 0x0000000085d00000|  0%| F|  |TAMS 0x0000000085c00000, 0x0000000085c00000| Untracked 
|  67|0x0000000085d00000, 0x0000000085d00000, 0x0000000085e00000|  0%| F|  |TAMS 0x0000000085d00000, 0x0000000085d00000| Untracked 
|  68|0x0000000085e00000, 0x0000000085e00000, 0x0000000085f00000|  0%| F|  |TAMS 0x0000000085e00000, 0x0000000085e00000| Untracked 
|  69|0x0000000085f00000, 0x0000000085f00000, 0x0000000086000000|  0%| F|  |TAMS 0x0000000085f00000, 0x0000000085f00000| Untracked 
|  70|0x0000000086000000, 0x0000000086000000, 0x0000000086100000|  0%| F|  |TAMS 0x0000000086000000, 0x0000000086000000| Untracked 
|  71|0x0000000086100000, 0x0000000086100000, 0x0000000086200000|  0%| F|  |TAMS 0x0000000086100000, 0x0000000086100000| Untracked 
|  72|0x0000000086200000, 0x0000000086200000, 0x0000000086300000|  0%| F|  |TAMS 0x0000000086200000, 0x0000000086200000| Untracked 
|  73|0x0000000086300000, 0x0000000086300000, 0x0000000086400000|  0%| F|  |TAMS 0x0000000086300000, 0x0000000086300000| Untracked 
|  74|0x0000000086400000, 0x0000000086400000, 0x0000000086500000|  0%| F|  |TAMS 0x0000000086400000, 0x0000000086400000| Untracked 
|  75|0x0000000086500000, 0x0000000086500000, 0x0000000086600000|  0%| F|  |TAMS 0x0000000086500000, 0x0000000086500000| Untracked 
|  76|0x0000000086600000, 0x0000000086600000, 0x0000000086700000|  0%| F|  |TAMS 0x0000000086600000, 0x0000000086600000| Untracked 
|  77|0x0000000086700000, 0x0000000086700000, 0x0000000086800000|  0%| F|  |TAMS 0x0000000086700000, 0x0000000086700000| Untracked 
|  78|0x0000000086800000, 0x0000000086800000, 0x0000000086900000|  0%| F|  |TAMS 0x0000000086800000, 0x0000000086800000| Untracked 
|  79|0x0000000086900000, 0x0000000086900000, 0x0000000086a00000|  0%| F|  |TAMS 0x0000000086900000, 0x0000000086900000| Untracked 
|  80|0x0000000086a00000, 0x0000000086a00000, 0x0000000086b00000|  0%| F|  |TAMS 0x0000000086a00000, 0x0000000086a00000| Untracked 
|  81|0x0000000086b00000, 0x0000000086b00000, 0x0000000086c00000|  0%| F|  |TAMS 0x0000000086b00000, 0x0000000086b00000| Untracked 
|  82|0x0000000086c00000, 0x0000000086c00000, 0x0000000086d00000|  0%| F|  |TAMS 0x0000000086c00000, 0x0000000086c00000| Untracked 
|  83|0x0000000086d00000, 0x0000000086d00000, 0x0000000086e00000|  0%| F|  |TAMS 0x0000000086d00000, 0x0000000086d00000| Untracked 
|  84|0x0000000086e00000, 0x0000000086e00000, 0x0000000086f00000|  0%| F|  |TAMS 0x0000000086e00000, 0x0000000086e00000| Untracked 
|  85|0x0000000086f00000, 0x0000000086f00000, 0x0000000087000000|  0%| F|  |TAMS 0x0000000086f00000, 0x0000000086f00000| Untracked 
|  86|0x0000000087000000, 0x0000000087000000, 0x0000000087100000|  0%| F|  |TAMS 0x0000000087000000, 0x0000000087000000| Untracked 
|  87|0x0000000087100000, 0x0000000087100000, 0x0000000087200000|  0%| F|  |TAMS 0x0000000087100000, 0x0000000087100000| Untracked 
|  88|0x0000000087200000, 0x0000000087200000, 0x0000000087300000|  0%| F|  |TAMS 0x0000000087200000, 0x0000000087200000| Untracked 
|  89|0x0000000087300000, 0x0000000087300000, 0x0000000087400000|  0%| F|  |TAMS 0x0000000087300000, 0x0000000087300000| Untracked 
|  90|0x0000000087400000, 0x0000000087400000, 0x0000000087500000|  0%| F|  |TAMS 0x0000000087400000, 0x0000000087400000| Untracked 
|  91|0x0000000087500000, 0x0000000087500000, 0x0000000087600000|  0%| F|  |TAMS 0x0000000087500000, 0x0000000087500000| Untracked 
|  92|0x0000000087600000, 0x0000000087600000, 0x0000000087700000|  0%| F|  |TAMS 0x0000000087600000, 0x0000000087600000| Untracked 
|  93|0x0000000087700000, 0x0000000087700000, 0x0000000087800000|  0%| F|  |TAMS 0x0000000087700000, 0x0000000087700000| Untracked 
|  94|0x0000000087800000, 0x0000000087800000, 0x0000000087900000|  0%| F|  |TAMS 0x0000000087800000, 0x0000000087800000| Untracked 
|  95|0x0000000087900000, 0x0000000087900000, 0x0000000087a00000|  0%| F|  |TAMS 0x0000000087900000, 0x0000000087900000| Untracked 
|  96|0x0000000087a00000, 0x0000000087a00000, 0x0000000087b00000|  0%| F|  |TAMS 0x0000000087a00000, 0x0000000087a00000| Untracked 
|  97|0x0000000087b00000, 0x0000000087b00000, 0x0000000087c00000|  0%| F|  |TAMS 0x0000000087b00000, 0x0000000087b00000| Untracked 
|  98|0x0000000087c00000, 0x0000000087c00000, 0x0000000087d00000|  0%| F|  |TAMS 0x0000000087c00000, 0x0000000087c00000| Untracked 
|  99|0x0000000087d00000, 0x0000000087d00000, 0x0000000087e00000|  0%| F|  |TAMS 0x0000000087d00000, 0x0000000087d00000| Untracked 
| 100|0x0000000087e00000, 0x0000000087e00000, 0x0000000087f00000|  0%| F|  |TAMS 0x0000000087e00000, 0x0000000087e00000| Untracked 
| 101|0x0000000087f00000, 0x0000000087f00000, 0x0000000088000000|  0%| F|  |TAMS 0x0000000087f00000, 0x0000000087f00000| Untracked 
| 102|0x0000000088000000, 0x0000000088000000, 0x0000000088100000|  0%| F|  |TAMS 0x0000000088000000, 0x0000000088000000| Untracked 
| 103|0x0000000088100000, 0x0000000088100000, 0x0000000088200000|  0%| F|  |TAMS 0x0000000088100000, 0x0000000088100000| Untracked 
| 104|0x0000000088200000, 0x0000000088200000, 0x0000000088300000|  0%| F|  |TAMS 0x0000000088200000, 0x0000000088200000| Untracked 
| 105|0x0000000088300000, 0x0000000088300000, 0x0000000088400000|  0%| F|  |TAMS 0x0000000088300000, 0x0000000088300000| Untracked 
| 106|0x0000000088400000, 0x0000000088400000, 0x0000000088500000|  0%| F|  |TAMS 0x0000000088400000, 0x0000000088400000| Untracked 
| 107|0x0000000088500000, 0x0000000088500000, 0x0000000088600000|  0%| F|  |TAMS 0x0000000088500000, 0x0000000088500000| Untracked 
| 108|0x0000000088600000, 0x0000000088600000, 0x0000000088700000|  0%| F|  |TAMS 0x0000000088600000, 0x0000000088600000| Untracked 
| 109|0x0000000088700000, 0x0000000088700000, 0x0000000088800000|  0%| F|  |TAMS 0x0000000088700000, 0x0000000088700000| Untracked 
| 110|0x0000000088800000, 0x0000000088800000, 0x0000000088900000|  0%| F|  |TAMS 0x0000000088800000, 0x0000000088800000| Untracked 
| 111|0x0000000088900000, 0x0000000088900000, 0x0000000088a00000|  0%| F|  |TAMS 0x0000000088900000, 0x0000000088900000| Untracked 
| 112|0x0000000088a00000, 0x0000000088a00000, 0x0000000088b00000|  0%| F|  |TAMS 0x0000000088a00000, 0x0000000088a00000| Untracked 
| 113|0x0000000088b00000, 0x0000000088b00000, 0x0000000088c00000|  0%| F|  |TAMS 0x0000000088b00000, 0x0000000088b00000| Untracked 
| 114|0x0000000088c00000, 0x0000000088c00000, 0x0000000088d00000|  0%| F|  |TAMS 0x0000000088c00000, 0x0000000088c00000| Untracked 
| 115|0x0000000088d00000, 0x0000000088d00000, 0x0000000088e00000|  0%| F|  |TAMS 0x0000000088d00000, 0x0000000088d00000| Untracked 
| 116|0x0000000088e00000, 0x0000000088e00000, 0x0000000088f00000|  0%| F|  |TAMS 0x0000000088e00000, 0x0000000088e00000| Untracked 
| 117|0x0000000088f00000, 0x0000000088f00000, 0x0000000089000000|  0%| F|  |TAMS 0x0000000088f00000, 0x0000000088f00000| Untracked 
| 118|0x0000000089000000, 0x0000000089000000, 0x0000000089100000|  0%| F|  |TAMS 0x0000000089000000, 0x0000000089000000| Untracked 
| 119|0x0000000089100000, 0x0000000089100000, 0x0000000089200000|  0%| F|  |TAMS 0x0000000089100000, 0x0000000089100000| Untracked 
| 120|0x0000000089200000, 0x0000000089200000, 0x0000000089300000|  0%| F|  |TAMS 0x0000000089200000, 0x0000000089200000| Untracked 
| 121|0x0000000089300000, 0x0000000089300000, 0x0000000089400000|  0%| F|  |TAMS 0x0000000089300000, 0x0000000089300000| Untracked 
| 122|0x0000000089400000, 0x0000000089400000, 0x0000000089500000|  0%| F|  |TAMS 0x0000000089400000, 0x0000000089400000| Untracked 
| 123|0x0000000089500000, 0x00000000895d7b38, 0x0000000089600000| 84%| E|  |TAMS 0x0000000089500000, 0x0000000089500000| Complete 
| 124|0x0000000089600000, 0x0000000089700000, 0x0000000089700000|100%| E|CS|TAMS 0x0000000089600000, 0x0000000089600000| Complete 
| 125|0x0000000089700000, 0x0000000089800000, 0x0000000089800000|100%| E|  |TAMS 0x0000000089700000, 0x0000000089700000| Complete 
| 126|0x0000000089800000, 0x0000000089900000, 0x0000000089900000|100%| E|CS|TAMS 0x0000000089800000, 0x0000000089800000| Complete 
| 127|0x0000000089900000, 0x0000000089a00000, 0x0000000089a00000|100%| E|CS|TAMS 0x0000000089900000, 0x0000000089900000| Complete 

Card table byte_map: [0x0000021b3abd0000,0x0000021b3afd0000] _byte_map_base: 0x0000021b3a7c3000

Marking Bits (Prev, Next): (CMBitMap*) 0x0000021b2331b3b8, (CMBitMap*) 0x0000021b2331b3f8
 Prev Bits: [0x0000021b3b3d0000, 0x0000021b3d368000)
 Next Bits: [0x0000021b3d370000, 0x0000021b3f308000)

Polling page: 0x0000021b22aa0000

Metaspace:

Usage:
  Non-class:      4.10 MB capacity,     1.81 MB ( 44%) used,     2.28 MB ( 56%) free+waste,     6.44 KB ( <1%) overhead. 
      Class:    449.00 KB capacity,   242.67 KB ( 54%) used,   202.20 KB ( 45%) free+waste,     4.13 KB ( <1%) overhead. 
       Both:      4.54 MB capacity,     2.05 MB ( 45%) used,     2.48 MB ( 55%) free+waste,    10.56 KB ( <1%) overhead. 

Virtual space:
  Non-class space:        8.00 MB reserved,       4.25 MB ( 53%) committed 
      Class space:        1.00 GB reserved,     512.00 KB ( <1%) committed 
             Both:        1.01 GB reserved,       4.75 MB ( <1%) committed 

Chunk freelists:
   Non-Class:  0 bytes
       Class:  0 bytes
        Both:  0 bytes

MaxMetaspaceSize: 17179869184.00 GB
CompressedClassSpaceSize: 1.00 GB

CodeHeap 'non-profiled nmethods': size=120000Kb used=175Kb max_used=175Kb free=119824Kb
 bounds [0x0000021b332a0000, 0x0000021b33510000, 0x0000021b3a7d0000]
CodeHeap 'profiled nmethods': size=120000Kb used=534Kb max_used=534Kb free=119465Kb
 bounds [0x0000021b2bd70000, 0x0000021b2bfe0000, 0x0000021b332a0000]
CodeHeap 'non-nmethods': size=5760Kb used=1158Kb max_used=1173Kb free=4601Kb
 bounds [0x0000021b2b7d0000, 0x0000021b2ba40000, 0x0000021b2bd70000]
 total_blobs=1243 nmethods=449 adapters=317
 compilation: enabled
              stopped_count=0, restarted_count=0
 full_count=0

Compilation events (20 events):
Event: 0.684 Thread 0x0000021b41938000  419       3       java.util.TreeMap$Entry::<init> (25 bytes)
Event: 0.684 Thread 0x0000021b41938000 nmethod 419 0x0000021b2bdf0e10 code [0x0000021b2bdf0fc0, 0x0000021b2bdf12b8]
Event: 0.684 Thread 0x0000021b41938000  420       1       java.util.TreeMap::size (5 bytes)
Event: 0.684 Thread 0x0000021b41938000 nmethod 420 0x0000021b332c7790 code [0x0000021b332c7920, 0x0000021b332c7a58]
Event: 0.684 Thread 0x0000021b41938000  423       3       sun.invoke.util.Wrapper::findPrimitiveType (25 bytes)
Event: 0.685 Thread 0x0000021b41938000 nmethod 423 0x0000021b2bdf1390 code [0x0000021b2bdf1620, 0x0000021b2bdf2170]
Event: 0.685 Thread 0x0000021b41938000  428       3       sun.invoke.util.Wrapper::forPrimitiveType (49 bytes)
Event: 0.686 Thread 0x0000021b41935000  432       4       jdk.internal.org.objectweb.asm.ByteVector::putUTF8 (144 bytes)
Event: 0.687 Thread 0x0000021b41938000 nmethod 428 0x0000021b2bdf2610 code [0x0000021b2bdf29a0, 0x0000021b2bdf3f50]
Event: 0.687 Thread 0x0000021b41938000  426       3       java.lang.invoke.LambdaForm::parameterType (9 bytes)
Event: 0.688 Thread 0x0000021b41938000 nmethod 426 0x0000021b2bdf4790 code [0x0000021b2bdf4940, 0x0000021b2bdf4b10]
Event: 0.688 Thread 0x0000021b41938000  427       3       java.lang.invoke.LambdaForm::forceInterpretation (14 bytes)
Event: 0.688 Thread 0x0000021b41938000 nmethod 427 0x0000021b2bdf4c10 code [0x0000021b2bdf4dc0, 0x0000021b2bdf4f98]
Event: 0.688 Thread 0x0000021b41938000  431       1       java.lang.invoke.LambdaForm$Name::type (5 bytes)
Event: 0.688 Thread 0x0000021b41938000 nmethod 431 0x0000021b332c8a10 code [0x0000021b332c8ba0, 0x0000021b332c8cd8]
Event: 0.689 Thread 0x0000021b41938000  436       3       java.util.ImmutableCollections$ListN::get (7 bytes)
Event: 0.689 Thread 0x0000021b41938000 nmethod 436 0x0000021b2bdf5010 code [0x0000021b2bdf51c0, 0x0000021b2bdf5378]
Event: 0.690 Thread 0x0000021b41938000  439       3       java.lang.invoke.LambdaForm$Name::<init> (54 bytes)
Event: 0.690 Thread 0x0000021b41938000 nmethod 439 0x0000021b2bdf5410 code [0x0000021b2bdf55c0, 0x0000021b2bdf58f8]
Event: 0.690 Thread 0x0000021b41938000  440       3       jdk.internal.org.objectweb.asm.Frame::execute (2305 bytes)

GC Heap History (0 events):
No events

Deoptimization events (20 events):
Event: 0.382 Thread 0x0000021b232d4800 DEOPT PACKING pc=0x0000021b2bdb0e8e sp=0x0000008931efc7b0
Event: 0.382 Thread 0x0000021b232d4800 DEOPT UNPACKING pc=0x0000021b2b81964e sp=0x0000008931efbc50 mode 0
Event: 0.382 Thread 0x0000021b232d4800 DEOPT PACKING pc=0x0000021b2bdb0e8e sp=0x0000008931efc7b0
Event: 0.382 Thread 0x0000021b232d4800 DEOPT UNPACKING pc=0x0000021b2b81964e sp=0x0000008931efbc50 mode 0
Event: 0.382 Thread 0x0000021b232d4800 DEOPT PACKING pc=0x0000021b2bdb0e8e sp=0x0000008931efc7b0
Event: 0.382 Thread 0x0000021b232d4800 DEOPT UNPACKING pc=0x0000021b2b81964e sp=0x0000008931efbc50 mode 0
Event: 0.384 Thread 0x0000021b232d4800 DEOPT PACKING pc=0x0000021b2bdb0e8e sp=0x0000008931efc7b0
Event: 0.384 Thread 0x0000021b232d4800 DEOPT UNPACKING pc=0x0000021b2b81964e sp=0x0000008931efbc50 mode 0
Event: 0.676 Thread 0x0000021b232d4800 Uncommon trap: trap_request=0xffffffde fr.pc=0x0000021b332af154 relative=0x00000000000004d4
Event: 0.676 Thread 0x0000021b232d4800 Uncommon trap: reason=class_check action=maybe_recompile pc=0x0000021b332af154 method=java.util.HashMap.putVal(ILjava/lang/Object;Ljava/lang/Object;ZZ)Ljava/lang/Object; @ 253 c2
Event: 0.676 Thread 0x0000021b232d4800 DEOPT PACKING pc=0x0000021b332af154 sp=0x0000008931efe230
Event: 0.676 Thread 0x0000021b232d4800 DEOPT UNPACKING pc=0x0000021b2b81912f sp=0x0000008931efe1d0 mode 2
Event: 0.676 Thread 0x0000021b232d4800 Uncommon trap: trap_request=0xffffffde fr.pc=0x0000021b332af154 relative=0x00000000000004d4
Event: 0.676 Thread 0x0000021b232d4800 Uncommon trap: reason=class_check action=maybe_recompile pc=0x0000021b332af154 method=java.util.HashMap.putVal(ILjava/lang/Object;Ljava/lang/Object;ZZ)Ljava/lang/Object; @ 253 c2
Event: 0.676 Thread 0x0000021b232d4800 DEOPT PACKING pc=0x0000021b332af154 sp=0x0000008931efe230
Event: 0.676 Thread 0x0000021b232d4800 DEOPT UNPACKING pc=0x0000021b2b81912f sp=0x0000008931efe1d0 mode 2
Event: 0.676 Thread 0x0000021b232d4800 Uncommon trap: trap_request=0xffffff45 fr.pc=0x0000021b332af588 relative=0x0000000000000908
Event: 0.676 Thread 0x0000021b232d4800 Uncommon trap: reason=unstable_if action=reinterpret pc=0x0000021b332af588 method=java.util.HashMap.putVal(ILjava/lang/Object;Ljava/lang/Object;ZZ)Ljava/lang/Object; @ 181 c2
Event: 0.676 Thread 0x0000021b232d4800 DEOPT PACKING pc=0x0000021b332af588 sp=0x0000008931efe230
Event: 0.676 Thread 0x0000021b232d4800 DEOPT UNPACKING pc=0x0000021b2b81912f sp=0x0000008931efe1d0 mode 2

Classes unloaded (0 events):
No events

Classes redefined (0 events):
No events

Internal exceptions (3 events):
Event: 0.583 Thread 0x0000021b232d4800 Exception <a 'java/lang/NoSuchMethodError'{0x00000000896e0840}: 'java.lang.Object java.lang.invoke.DirectMethodHandle$Holder.invokeStaticInit(java.lang.Object, java.lang.Object, java.lang.Object)'> (0x00000000896e0840) 
thrown [t:/workspace/open/src/hotspot/share/interpreter/linkResolver.cpp, line 767]
Event: 0.591 Thread 0x0000021b232d4800 Exception <a 'java/lang/NoSuchMethodError'{0x00000000896f9bb8}: 'int java.lang.invoke.DirectMethodHandle$Holder.invokeInterface(java.lang.Object, java.lang.Object)'> (0x00000000896f9bb8) 
thrown [t:/workspace/open/src/hotspot/share/interpreter/linkResolver.cpp, line 767]
Event: 0.593 Thread 0x0000021b232d4800 Exception <a 'java/lang/IncompatibleClassChangeError'{0x00000000896fc6c0}: Found class java.lang.Object, but interface was expected> (0x00000000896fc6c0) 
thrown [t:/workspace/open/src/hotspot/share/interpreter/linkResolver.cpp, line 833]

Events (20 events):
Event: 0.679 loading class com/sun/jmx/mbeanserver/DefaultMXBeanMappingFactory$CompositeMapping
Event: 0.679 loading class com/sun/jmx/mbeanserver/DefaultMXBeanMappingFactory$CompositeMapping done
Event: 0.681 loading class com/sun/jmx/mbeanserver/DefaultMXBeanMappingFactory$ArrayMapping
Event: 0.681 loading class com/sun/jmx/mbeanserver/DefaultMXBeanMappingFactory$ArrayMapping done
Event: 0.681 loading class java/lang/annotation/ElementType
Event: 0.681 loading class java/lang/annotation/ElementType done
Event: 0.681 loading class com/sun/jmx/mbeanserver/DefaultMXBeanMappingFactory$EnumMapping
Event: 0.681 loading class com/sun/jmx/mbeanserver/DefaultMXBeanMappingFactory$EnumMapping done
Event: 0.683 loading class javax/management/MBeanParameterInfo
Event: 0.683 loading class javax/management/MBeanParameterInfo done
Event: 0.693 loading class com/sun/jmx/mbeanserver/PerInterface$MethodAndSig
Event: 0.693 loading class com/sun/jmx/mbeanserver/PerInterface$MethodAndSig done
Event: 0.695 loading class com/sun/management/internal/OperatingSystemImpl
Event: 0.695 loading class com/sun/management/OperatingSystemMXBean
Event: 0.695 loading class java/lang/management/OperatingSystemMXBean
Event: 0.695 loading class java/lang/management/OperatingSystemMXBean done
Event: 0.695 loading class com/sun/management/OperatingSystemMXBean done
Event: 0.695 loading class sun/management/BaseOperatingSystemImpl
Event: 0.695 loading class sun/management/BaseOperatingSystemImpl done
Event: 0.695 loading class com/sun/management/internal/OperatingSystemImpl done


Dynamic libraries:
0x00007ff6aee20000 - 0x00007ff6aee2f000 	C:\Users\admin\Win2020\JDK\jdk-13.0.2\bin\java.exe
0x00007ffa53140000 - 0x00007ffa53330000 	C:\WINDOWS\SYSTEM32\ntdll.dll
0x00007ffa52f00000 - 0x00007ffa52fb2000 	C:\WINDOWS\System32\KERNEL32.DLL
0x00007ffa50a00000 - 0x00007ffa50ca4000 	C:\WINDOWS\System32\KERNELBASE.dll
0x00007ffa50e90000 - 0x00007ffa50f8a000 	C:\WINDOWS\System32\ucrtbase.dll
0x00007ffa45060000 - 0x00007ffa45078000 	C:\Users\admin\Win2020\JDK\jdk-13.0.2\bin\jli.dll
0x00007ffa524f0000 - 0x00007ffa52593000 	C:\WINDOWS\System32\ADVAPI32.dll
0x00007ffa52b90000 - 0x00007ffa52c2e000 	C:\WINDOWS\System32\msvcrt.dll
0x00007ffa51f50000 - 0x00007ffa51fe7000 	C:\WINDOWS\System32\sechost.dll
0x00007ffa52de0000 - 0x00007ffa52f00000 	C:\WINDOWS\System32\RPCRT4.dll
0x00007ffa52980000 - 0x00007ffa52b14000 	C:\WINDOWS\System32\USER32.dll
0x00007ffa50e60000 - 0x00007ffa50e81000 	C:\WINDOWS\System32\win32u.dll
0x00007ffa52db0000 - 0x00007ffa52dd6000 	C:\WINDOWS\System32\GDI32.dll
0x00007ffa51050000 - 0x00007ffa511e6000 	C:\WINDOWS\System32\gdi32full.dll
0x00007ffa50f90000 - 0x00007ffa5102e000 	C:\WINDOWS\System32\msvcp_win.dll
0x00007ffa44e20000 - 0x00007ffa44e35000 	C:\Users\admin\Win2020\JDK\jdk-13.0.2\bin\VCRUNTIME140.dll
0x00007ffa453c0000 - 0x00007ffa45644000 	C:\WINDOWS\WinSxS\amd64_microsoft.windows.common-controls_6595b64144ccf1df_6.0.18362.959_none_e6c7bbbf130c62bb\COMCTL32.dll
0x00007ffa51a60000 - 0x00007ffa51d95000 	C:\WINDOWS\System32\combase.dll
0x00007ffa501f0000 - 0x00007ffa50270000 	C:\WINDOWS\System32\bcryptPrimitives.dll
0x00007ffa481c0000 - 0x00007ffa481ca000 	C:\WINDOWS\SYSTEM32\VERSION.dll
0x00007ffa524c0000 - 0x00007ffa524ee000 	C:\WINDOWS\System32\IMM32.DLL
0x00007ffa39990000 - 0x00007ffa39a2b000 	C:\Users\admin\Win2020\JDK\jdk-13.0.2\bin\msvcp140.dll
0x00007ffa17d40000 - 0x00007ffa1889d000 	C:\Users\admin\Win2020\JDK\jdk-13.0.2\bin\server\jvm.dll
0x00007ffa52610000 - 0x00007ffa52618000 	C:\WINDOWS\System32\PSAPI.DLL
0x00007ffa4e4b0000 - 0x00007ffa4e4b9000 	C:\WINDOWS\SYSTEM32\WSOCK32.dll
0x00007ffa525a0000 - 0x00007ffa5260f000 	C:\WINDOWS\System32\WS2_32.dll
0x00007ffa4d090000 - 0x00007ffa4d0b4000 	C:\WINDOWS\SYSTEM32\WINMM.dll
0x00007ffa4d060000 - 0x00007ffa4d08d000 	C:\WINDOWS\SYSTEM32\WINMMBASE.dll
0x00007ffa500f0000 - 0x00007ffa5013a000 	C:\WINDOWS\System32\cfgmgr32.dll
0x00007ffa50000000 - 0x00007ffa50011000 	C:\WINDOWS\System32\kernel.appcore.dll
0x00007ffa4ab90000 - 0x00007ffa4aba0000 	C:\Users\admin\Win2020\JDK\jdk-13.0.2\bin\verify.dll
0x00007ffa4e290000 - 0x00007ffa4e484000 	C:\WINDOWS\SYSTEM32\DBGHELP.DLL
0x00007ffa3d9e0000 - 0x00007ffa3da0a000 	C:\WINDOWS\SYSTEM32\dbgcore.DLL
0x00007ffa447e0000 - 0x00007ffa44806000 	C:\Users\admin\Win2020\JDK\jdk-13.0.2\bin\java.dll
0x00007ffa447b0000 - 0x00007ffa447c7000 	C:\Users\admin\Win2020\JDK\jdk-13.0.2\bin\zip.dll
0x00007ffa471e0000 - 0x00007ffa471ea000 	C:\Users\admin\Win2020\JDK\jdk-13.0.2\bin\jimage.dll
0x00007ffa512c0000 - 0x00007ffa519a6000 	C:\WINDOWS\System32\SHELL32.dll
0x00007ffa519b0000 - 0x00007ffa51a59000 	C:\WINDOWS\System32\shcore.dll
0x00007ffa50270000 - 0x00007ffa509f2000 	C:\WINDOWS\System32\windows.storage.dll
0x00007ffa50020000 - 0x00007ffa50043000 	C:\WINDOWS\System32\profapi.dll
0x00007ffa50050000 - 0x00007ffa5009a000 	C:\WINDOWS\System32\powrprof.dll
0x00007ffa4fff0000 - 0x00007ffa50000000 	C:\WINDOWS\System32\UMPDC.dll
0x00007ffa52880000 - 0x00007ffa528d2000 	C:\WINDOWS\System32\shlwapi.dll
0x00007ffa51030000 - 0x00007ffa51047000 	C:\WINDOWS\System32\cryptsp.dll
0x00007ffa44790000 - 0x00007ffa447a9000 	C:\Users\admin\Win2020\JDK\jdk-13.0.2\bin\net.dll
0x00007ffa45bf0000 - 0x00007ffa45ce0000 	C:\WINDOWS\SYSTEM32\WINHTTP.dll
0x00007ffa4f860000 - 0x00007ffa4f8c7000 	C:\WINDOWS\system32\mswsock.dll
0x00007ffa44710000 - 0x00007ffa44723000 	C:\Users\admin\Win2020\JDK\jdk-13.0.2\bin\nio.dll
0x00007ffa42fa0000 - 0x00007ffa42fa9000 	C:\Users\admin\Win2020\JDK\jdk-13.0.2\bin\management.dll
0x00007ffa42f90000 - 0x00007ffa42f9b000 	C:\Users\admin\Win2020\JDK\jdk-13.0.2\bin\management_ext.dll

dbghelp: loaded successfully - version: 4.0.5 - missing functions: none
symbol engine: initialized successfully - sym options: 0x614 - pdb path: .;C:\Users\admin\Win2020\JDK\jdk-13.0.2\bin;C:\WINDOWS\SYSTEM32;C:\WINDOWS\WinSxS\amd64_microsoft.windows.common-controls_6595b64144ccf1df_6.0.18362.959_none_e6c7bbbf130c62bb;C:\Users\admin\Win2020\JDK\jdk-13.0.2\bin\server

VM Arguments:
jvm_args: -Dcom.sun.management.jmxremote -Dcom.sun.management.jmxremote.port=52038 -Dcom.sun.management.jmxremote.authenticate=false -Dcom.sun.management.jmxremote.ssl=false -Djava.rmi.server.hostname=localhost -Dspring.application.admin.enabled=true -Dspring.jmx.enabled=true -Dfile.encoding=UTF-8 
java_command: com.win.transitapp.DemoApplication
java_class_path (initial): C:\Users\admin\Win2020\JAVA\MVC,SpringBoot\MavenPractice\SpringBootProjects\transitapiapp\transitapp\target\classes;C:\Users\admin\.m2\repository\org\springframework\boot\spring-boot-starter-thymeleaf\2.3.2.RELEASE\spring-boot-starter-thymeleaf-2.3.2.RELEASE.jar;C:\Users\admin\.m2\repository\org\springframework\boot\spring-boot-starter\2.3.2.RELEASE\spring-boot-starter-2.3.2.RELEASE.jar;C:\Users\admin\.m2\repository\org\springframework\boot\spring-boot-starter-logging\2.3.2.RELEASE\spring-boot-starter-logging-2.3.2.RELEASE.jar;C:\Users\admin\.m2\repository\ch\qos\logback\logback-classic\1.2.3\logback-classic-1.2.3.jar;C:\Users\admin\.m2\repository\ch\qos\logback\logback-core\1.2.3\logback-core-1.2.3.jar;C:\Users\admin\.m2\repository\org\apache\logging\log4j\log4j-to-slf4j\2.13.3\log4j-to-slf4j-2.13.3.jar;C:\Users\admin\.m2\repository\org\apache\logging\log4j\log4j-api\2.13.3\log4j-api-2.13.3.jar;C:\Users\admin\.m2\repository\org\slf4j\jul-to-slf4j\1.7.30\jul-to-slf4j-1.7.30.jar;C:\Users\admin\.m2\repository\jakarta\annotation\jakarta.annotation-api\1.3.5\jakarta.annotation-api-1.3.5.jar;C:\Users\admin\.m2\repository\org\yaml\snakeyaml\1.26\snakeyaml-1.26.jar;C:\Users\admin\.m2\repository\org\thymeleaf\thymeleaf-spring5\3.0.11.RELEASE\thymeleaf-spring5-3.0.11.RELEASE.jar;C:\Users\admin\.m2\repository\org\thymeleaf\thymeleaf\3.0.11.RELEASE\thymeleaf-3.0.11.RELEASE.jar;C:\Users\admin\.m2\repository\org\attoparser\attoparser\2.0.5.RELEASE\attoparser-2.0.5.RELEASE.jar;C:\Users\admin\.m2\repository\org\unbescape\unbescape\1.1.6.RELEASE\unbescape-1.1.6.RELEASE.jar;C:\Users\admin\.m2\repository\org\slf4j\slf4j-api\1.7.30\slf4j-api-1.7.30.jar;C:\Users\admin\.m2\repository\org\thymeleaf\extras\thymeleaf-extras-java8time\3.0.4.RELEASE\thymeleaf-extras-java8time-3.0.4.RELEASE.jar;C:\Users\admin\.m2\repository\org\springframework\boot\spring-boot-starter-web\2.3.2.RELEASE\spring-boot-starter-web-2.3.2.RELEASE.jar;C:\Users\admin\.m2\repository\org\spr
Launcher Type: SUN_STANDARD

[Global flags]
     intx CICompilerCount                          = 3                                         {product} {ergonomic}
     uint ConcGCThreads                            = 1                                         {product} {ergonomic}
     uint G1ConcRefinementThreads                  = 4                                         {product} {ergonomic}
   size_t G1HeapRegionSize                         = 1048576                                   {product} {ergonomic}
    uintx GCDrainStackTargetSize                   = 64                                        {product} {ergonomic}
   size_t InitialHeapSize                          = 134217728                                 {product} {ergonomic}
     bool ManagementServer                         = true                                      {product} {command line}
   size_t MarkStackSize                            = 4194304                                   {product} {ergonomic}
   size_t MaxHeapSize                              = 2120220672                                {product} {ergonomic}
   size_t MaxNewSize                               = 1271922688                                {product} {ergonomic}
   size_t MinHeapDeltaBytes                        = 1048576                                   {product} {ergonomic}
   size_t MinHeapSize                              = 8388608                                   {product} {ergonomic}
    uintx NonNMethodCodeHeapSize                   = 5832780                                {pd product} {ergonomic}
    uintx NonProfiledCodeHeapSize                  = 122912730                              {pd product} {ergonomic}
    uintx ProfiledCodeHeapSize                     = 122912730                              {pd product} {ergonomic}
    uintx ReservedCodeCacheSize                    = 251658240                              {pd product} {ergonomic}
     bool SegmentedCodeCache                       = true                                      {product} {ergonomic}
   size_t SoftMaxHeapSize                          = 2120220672                             {manageable} {ergonomic}
     bool UseCompressedClassPointers               = true                                 {lp64_product} {ergonomic}
     bool UseCompressedOops                        = true                                 {lp64_product} {ergonomic}
     bool UseG1GC                                  = true                                      {product} {ergonomic}
     bool UseLargePagesIndividualAllocation        = false                                  {pd product} {ergonomic}

Logging:
Log output configuration:
 #0: stdout all=warning uptime,level,tags
 #1: stderr all=off uptime,level,tags

Environment Variables:
JAVA_HOME=C:\Users\admin\Win2020\JDK
PATH=C:\Program Files\AdoptOpenJDK\jdk-14.0.2.12-hotspot\bin;C:\Python38\Scripts\;C:\Python38\;C:\Program Files (x86)\Common Files\Oracle\Java\javapath;C:\ProgramData\Oracle\Java\javapath;C:\WINDOWS\system32;C:\WINDOWS;C:\WINDOWS\System32\Wbem;C:\WINDOWS\System32\WindowsPowerShell\v1.0\;C:\Program Files (x86)\Skype\Phone\;C:\WINDOWS\System32\OpenSSH\;C:\Program Files\Intel\WiFi\bin\;C:\Program Files\Common Files\Intel\WirelessCommon\;C:\ProgramData\chocolatey\bin;C:\Users\admin\Win2020\NPM\;C:\Program Files\Git\cmd;C:\Users\admin\AppData\Local\Microsoft\WindowsApps;C:\Program Files\Intel\WiFi\bin\;C:\Program Files\Common Files\Intel\WirelessCommon\;C:\Users\admin\AppData\Local\Programs\Microsoft VS Code\bin;C:\Users\admin\AppData\Local\GitHubDesktop\bin;C:\Users\admin\AppData\Roaming\npm
USERNAME=admin
OS=Windows_NT
PROCESSOR_IDENTIFIER=Intel64 Family 6 Model 61 Stepping 4, GenuineIntel



---------------  S Y S T E M  ---------------

OS: Windows 10 , 64 bit Build 18362 (10.0.18362.959)

CPU:total 4 (initial active 4) (2 cores per cpu, 2 threads per core) family 6 model 61 stepping 4, cmov, cx8, fxsr, mmx, sse, sse2, sse3, ssse3, sse4.1, sse4.2, popcnt, avx, avx2, aes, clmul, erms, rtm, 3dnowpref, lzcnt, ht, tsc, tscinvbit, bmi1, bmi2, adx, fma

Memory: 4k page, system-wide physical 8080M (1851M free)
TotalPageFile size 10128M (AvailPageFile size 56M)
current process WorkingSet (physical memory assigned to process): 41M, peak: 41M
current process commit charge ("private bytes"): 210M, peak: 210M

vm_info: Java HotSpot(TM) 64-Bit Server VM (13.0.2+8) for windows-amd64 JRE (13.0.2+8), built on Dec 11 2019 09:20:33 by "mach5one" with unknown MS VC++:1916

END.
