#
# There is insufficient memory for the Java Runtime Environment to continue.
# Native memory allocation (malloc) failed to allocate 2132112 bytes for Chunk::new
# Possible reasons:
#   The system is out of physical RAM or swap space
#   The process is running with CompressedOops enabled, and the Java Heap may be blocking the growth of the native heap
# Possible solutions:
#   Reduce memory load on the system
#   Increase physical memory or swap space
#   Check if swap backing store is full
#   Decrease Java heap size (-Xmx/-Xms)
#   Decrease number of Java threads
#   Decrease Java thread stack sizes (-Xss)
#   Set larger code cache with -XX:ReservedCodeCacheSize=
#   JVM is running with Unscaled Compressed Oops mode in which the Java heap is
#     placed in the first 4GB address space. The Java Heap base address is the
#     maximum limit for the native heap growth. Please use -XX:HeapBaseMinAddress
#     to set the Java Heap base and to place the Java Heap above 4GB virtual address.
# This output file may be truncated or incomplete.
#
#  Out of Memory Error (t:/workspace/open/src/hotspot/share/memory/arena.cpp:196), pid=15128, tid=8468
#
# JRE version: Java(TM) SE Runtime Environment (13.0.2+8) (build 13.0.2+8)
# Java VM: Java HotSpot(TM) 64-Bit Server VM (13.0.2+8, mixed mode, sharing, tiered, compressed oops, parallel gc, windows-amd64)
# No core dump will be written. Minidumps are not enabled by default on client versions of Windows
#

---------------  S U M M A R Y ------------

Command Line: --add-modules=ALL-SYSTEM --add-opens=java.base/java.util=ALL-UNNAMED --add-opens=java.base/java.lang=ALL-UNNAMED -Declipse.application=org.eclipse.jdt.ls.core.id1 -Dosgi.bundles.defaultStartLevel=4 -Declipse.product=org.eclipse.jdt.ls.core.product -Dfile.encoding=utf8 -DwatchParentProcess=false -XX:+UseParallelGC -XX:GCTimeRatio=4 -XX:AdaptiveSizePolicyWeight=90 -Dsun.zip.disableMemoryMapping=true -Xmx1G -Xms100m -javaagent:c:\Users\admin\.vscode\extensions\gabrielbb.vscode-lombok-1.0.1\server\lombok.jar c:\Users\admin\.vscode\extensions\redhat.java-0.65.0\server\plugins\org.eclipse.equinox.launcher_1.5.700.v20200207-2156.jar -configuration c:\Users\admin\AppData\Roaming\Code\User\globalStorage\redhat.java\0.65.0\config_win -data c:\Users\admin\AppData\Roaming\Code\User\workspaceStorage\413918f1b306fc7d3e25d75b7146ddd1\redhat.java\jdt_ws

Host: Intel(R) Core(TM) i5-5300U CPU @ 2.30GHz, 4 cores, 7G,  Windows 10 , 64 bit Build 18362 (10.0.18362.959)
Time: Tue Aug  4 09:01:08 2020 Eastern Daylight Time elapsed time: 8 seconds (0d 0h 0m 8s)

---------------  T H R E A D  ---------------

Current thread (0x00000227aad84000):  JavaThread "C2 CompilerThread0" daemon [_thread_in_native, id=8468, stack(0x000000dff6400000,0x000000dff6500000)]


Current CompileTask:
C2:   8510 2367       4       org.objectweb.asm.ClassReader::readMethod (1052 bytes)

Stack: [0x000000dff6400000,0x000000dff6500000]
Native frames: (J=compiled Java code, j=interpreted, Vv=VM code, C=native code)
V  [jvm.dll+0x624f9a]
V  [jvm.dll+0x770cfa]
V  [jvm.dll+0x7724af]
V  [jvm.dll+0x772ab3]
V  [jvm.dll+0x24bf08]
V  [jvm.dll+0xc1e47]
V  [jvm.dll+0xc23cc]
V  [jvm.dll+0x35c0c5]
V  [jvm.dll+0x19f2f0]
V  [jvm.dll+0x205d36]
V  [jvm.dll+0x204e3f]
V  [jvm.dll+0x189c2c]
V  [jvm.dll+0x213e6d]
V  [jvm.dll+0x2120bb]
V  [jvm.dll+0x736bb6]
V  [jvm.dll+0x72fcaa]
V  [jvm.dll+0x623ea6]
C  [ucrtbase.dll+0x20e82]
C  [KERNEL32.DLL+0x17bd4]
C  [ntdll.dll+0x6ce51]


---------------  P R O C E S S  ---------------

Threads class SMR info:
_java_thread_list=0x00000227ad458d00, length=20, elements={
0x000002278ee55000, 0x000002278ef0a000, 0x000002278ef0c000, 0x00000227aad7f000,
0x00000227aad81000, 0x00000227aad84000, 0x00000227aad93800, 0x00000227abf10800,
0x00000227abfa0800, 0x00000227ac1b5000, 0x00000227ac363000, 0x00000227aca22800,
0x00000227aca25000, 0x00000227acdbd000, 0x00000227ac4c0800, 0x00000227ac2d8000,
0x00000227abf26800, 0x00000227ac2a0800, 0x00000227ac935000, 0x00000227ac309800
}

Java Threads: ( => current thread )
  0x000002278ee55000 JavaThread "main" [_thread_blocked, id=15048, stack(0x000000dff5d00000,0x000000dff5e00000)]
  0x000002278ef0a000 JavaThread "Reference Handler" daemon [_thread_blocked, id=6216, stack(0x000000dff6000000,0x000000dff6100000)]
  0x000002278ef0c000 JavaThread "Finalizer" daemon [_thread_blocked, id=12804, stack(0x000000dff6100000,0x000000dff6200000)]
  0x00000227aad7f000 JavaThread "Signal Dispatcher" daemon [_thread_blocked, id=6776, stack(0x000000dff6200000,0x000000dff6300000)]
  0x00000227aad81000 JavaThread "Attach Listener" daemon [_thread_blocked, id=13712, stack(0x000000dff6300000,0x000000dff6400000)]
=>0x00000227aad84000 JavaThread "C2 CompilerThread0" daemon [_thread_in_native, id=8468, stack(0x000000dff6400000,0x000000dff6500000)]
  0x00000227aad93800 JavaThread "C1 CompilerThread0" daemon [_thread_blocked, id=13080, stack(0x000000dff6500000,0x000000dff6600000)]
  0x00000227abf10800 JavaThread "Sweeper thread" daemon [_thread_blocked, id=10832, stack(0x000000dff6600000,0x000000dff6700000)]
  0x00000227abfa0800 JavaThread "Common-Cleaner" daemon [_thread_blocked, id=13732, stack(0x000000dff6700000,0x000000dff6800000)]
  0x00000227ac1b5000 JavaThread "Service Thread" daemon [_thread_blocked, id=15392, stack(0x000000dff6800000,0x000000dff6900000)]
  0x00000227ac363000 JavaThread "Active Thread: Equinox Container: 483389ad-c51f-48e9-925d-ed72132b90c8" [_thread_blocked, id=12432, stack(0x000000dff6b00000,0x000000dff6c00000)]
  0x00000227aca22800 JavaThread "Framework Event Dispatcher: Equinox Container: 483389ad-c51f-48e9-925d-ed72132b90c8" daemon [_thread_blocked, id=11492, stack(0x000000dff6c00000,0x000000dff6d00000)]
  0x00000227aca25000 JavaThread "Start Level: Equinox Container: 483389ad-c51f-48e9-925d-ed72132b90c8" daemon [_thread_in_Java, id=11256, stack(0x000000dff6d00000,0x000000dff6e00000)]
  0x00000227acdbd000 JavaThread "Bundle File Closer" daemon [_thread_blocked, id=16280, stack(0x000000dff7100000,0x000000dff7200000)]
  0x00000227ac4c0800 JavaThread "Worker-JM" [_thread_blocked, id=15068, stack(0x000000dff7000000,0x000000dff7100000)]
  0x00000227ac2d8000 JavaThread "Worker-0" [_thread_blocked, id=15852, stack(0x000000dff7200000,0x000000dff7300000)]
  0x00000227abf26800 JavaThread "Worker-1" [_thread_blocked, id=11340, stack(0x000000dff7300000,0x000000dff7400000)]
  0x00000227ac2a0800 JavaThread "Worker-2" [_thread_blocked, id=5832, stack(0x000000dff7500000,0x000000dff7600000)]
  0x00000227ac935000 JavaThread "Java indexing" daemon [_thread_blocked, id=5480, stack(0x000000dff7400000,0x000000dff7500000)]
  0x00000227ac309800 JavaThread "C2 CompilerThread1" daemon [_thread_in_native, id=9136, stack(0x000000dff7600000,0x000000dff7700000)]

Other Threads:
  0x00000227aad70000 VMThread "VM Thread" [stack: 0x000000dff5f00000,0x000000dff6000000] [id=9992]
  0x00000227ac0f8000 WatcherThread [stack: 0x000000dff6900000,0x000000dff6a00000] [id=10152]
  0x000002278ee6e800 GCTaskThread "ParGC Thread#0" [stack: 0x000000dff5e00000,0x000000dff5f00000] [id=9584]
  0x00000227acbc0000 GCTaskThread "ParGC Thread#1" [stack: 0x000000dff6a00000,0x000000dff6b00000] [id=14148]
  0x00000227ac9e3000 GCTaskThread "ParGC Thread#2" [stack: 0x000000dff6e00000,0x000000dff6f00000] [id=15408]
  0x00000227ac9e3800 GCTaskThread "ParGC Thread#3" [stack: 0x000000dff6f00000,0x000000dff7000000] [id=2976]

Threads with active compile tasks:
C2 CompilerThread0     8576 2367       4       org.objectweb.asm.ClassReader::readMethod (1052 bytes)
C2 CompilerThread1     8576 2521       4       java.util.TreeMap::getEntry (84 bytes)

VM state:not at safepoint (normal execution)

VM Mutex/Monitor currently owned by a thread: None

Heap address: 0x00000000c0000000, size: 1024 MB, Compressed Oops mode: 32-bit
Narrow klass base: 0x0000000800000000, Narrow klass shift: 3
Compressed class space size: 1073741824 Address: 0x0000000800b40000

Heap:
 PSYoungGen      total 25600K, used 23079K [0x00000000eab00000, 0x00000000ec700000, 0x0000000100000000)
  eden space 25088K, 90% used [0x00000000eab00000,0x00000000ec116060,0x00000000ec380000)
  from space 512K, 90% used [0x00000000ec680000,0x00000000ec6f3d60,0x00000000ec700000)
  to   space 1024K, 0% used [0x00000000ec500000,0x00000000ec500000,0x00000000ec600000)
 ParOldGen       total 68608K, used 8577K [0x00000000c0000000, 0x00000000c4300000, 0x00000000eab00000)
  object space 68608K, 12% used [0x00000000c0000000,0x00000000c0860548,0x00000000c4300000)
 Metaspace       used 20261K, capacity 21392K, committed 21504K, reserved 1071104K
  class space    used 1823K, capacity 2198K, committed 2304K, reserved 1048576K

Card table byte_map: [0x00000227a7e80000,0x00000227a8090000] _byte_map_base: 0x00000227a7880000

Marking Bits: (ParMarkBitMap*) 0x00007ffa0eeb4110
 Begin Bits: [0x00000227a81f0000, 0x00000227a91f0000)
 End Bits:   [0x00000227a91f0000, 0x00000227aa1f0000)

Polling page: 0x000002278ef20000

Metaspace:

Usage:
  Non-class:     18.74 MB capacity,    18.01 MB ( 96%) used,   722.12 KB (  4%) free+waste,    33.94 KB ( <1%) overhead. 
      Class:      2.15 MB capacity,     1.78 MB ( 83%) used,   358.24 KB ( 16%) free+waste,    16.06 KB ( <1%) overhead. 
       Both:     20.89 MB capacity,    19.79 MB ( 95%) used,     1.06 MB (  5%) free+waste,    50.00 KB ( <1%) overhead. 

Virtual space:
  Non-class space:       22.00 MB reserved,      18.75 MB ( 85%) committed 
      Class space:        1.00 GB reserved,       2.25 MB ( <1%) committed 
             Both:        1.02 GB reserved,      21.00 MB (  2%) committed 

Chunk freelists:
   Non-Class:  6.00 KB
       Class:  10.00 KB
        Both:  16.00 KB

MaxMetaspaceSize: 17179869184.00 GB
CompressedClassSpaceSize: 1.00 GB

CodeHeap 'non-profiled nmethods': size=120000Kb used=840Kb max_used=847Kb free=119159Kb
 bounds [0x00000227a0630000, 0x00000227a08a0000, 0x00000227a7b60000]
CodeHeap 'profiled nmethods': size=120000Kb used=5367Kb max_used=5474Kb free=114632Kb
 bounds [0x0000022799100000, 0x0000022799660000, 0x00000227a0630000]
CodeHeap 'non-nmethods': size=5760Kb used=1238Kb max_used=1256Kb free=4521Kb
 bounds [0x0000022798b60000, 0x0000022798dd0000, 0x0000022799100000]
 total_blobs=3888 nmethods=2267 adapters=420
 compilation: enabled
              stopped_count=0, restarted_count=0
 full_count=0

Compilation events (20 events):
Event: 8.489 Thread 0x00000227ac309800 nmethod 2492 0x00000227a06b6810 code [0x00000227a06b69c0, 0x00000227a06b6e98]
Event: 8.489 Thread 0x00000227ac309800 2493       4       java.lang.String$CaseInsensitiveComparator::compare (13 bytes)
Event: 8.491 Thread 0x00000227aad93800 2508       1       java.lang.reflect.Constructor::getConstructorAccessor (5 bytes)
Event: 8.492 Thread 0x00000227aad93800 nmethod 2508 0x00000227a065a010 code [0x00000227a065a1a0, 0x00000227a065a2d8]
Event: 8.492 Thread 0x00000227aad93800 2509       1       java.lang.reflect.Constructor::getRoot (5 bytes)
Event: 8.492 Thread 0x00000227aad93800 nmethod 2509 0x00000227a0659c90 code [0x00000227a0659e20, 0x00000227a0659f58]
Event: 8.492 Thread 0x00000227aad93800 2510       1       jdk.internal.reflect.DelegatingConstructorAccessorImpl::setDelegate (6 bytes)
Event: 8.492 Thread 0x00000227aad93800 nmethod 2510 0x00000227a0659910 code [0x00000227a0659aa0, 0x00000227a0659bf8]
Event: 8.492 Thread 0x00000227aad93800 2511       3       java.lang.reflect.Constructor::setConstructorAccessor (21 bytes)
Event: 8.492 Thread 0x00000227aad93800 nmethod 2511 0x0000022799154a90 code [0x0000022799154c40, 0x0000022799154f30]
Event: 8.494 Thread 0x00000227aad93800 2512       3       jdk.internal.loader.BuiltinClassLoader::hasClassPath (13 bytes)
Event: 8.494 Thread 0x00000227aad93800 nmethod 2512 0x0000022799349990 code [0x0000022799349b40, 0x0000022799349d18]
Event: 8.496 Thread 0x00000227ac309800 nmethod 2493 0x00000227a0658d90 code [0x00000227a0658f40, 0x00000227a0659498]
Event: 8.496 Thread 0x00000227ac309800 2507       4       java.util.TreeMap::getEntryUsingComparator (74 bytes)
Event: 8.502 Thread 0x00000227aad93800 2513       3       jdk.internal.reflect.ConstructorAccessorImpl::<init> (5 bytes)
Event: 8.502 Thread 0x00000227aad93800 nmethod 2513 0x00000227991a2290 code [0x00000227991a2440, 0x00000227991a2678]
Event: 8.504 Thread 0x00000227aad93800 2514       1       jdk.internal.reflect.NativeConstructorAccessorImpl::setParent (6 bytes)
Event: 8.504 Thread 0x00000227aad93800 nmethod 2514 0x00000227a0658a10 code [0x00000227a0658ba0, 0x00000227a0658cf8]
Event: 8.504 Thread 0x00000227aad93800 2515       3       java.nio.charset.Charset::checkName (157 bytes)
Event: 8.506 Thread 0x00000227aad93800 nmethod 2515 0x00000227991afa90 code [0x00000227991afd20, 0x00000227991b0a40]

GC Heap History (16 events):
Event: 3.363 GC heap before
{Heap before GC invocations=1 (full 0):
 PSYoungGen      total 29696K, used 25600K [0x00000000eab00000, 0x00000000ecc00000, 0x0000000100000000)
  eden space 25600K, 100% used [0x00000000eab00000,0x00000000ec400000,0x00000000ec400000)
  from space 4096K, 0% used [0x00000000ec800000,0x00000000ec800000,0x00000000ecc00000)
  to   space 4096K, 0% used [0x00000000ec400000,0x00000000ec400000,0x00000000ec800000)
 ParOldGen       total 68608K, used 0K [0x00000000c0000000, 0x00000000c4300000, 0x00000000eab00000)
  object space 68608K, 0% used [0x00000000c0000000,0x00000000c0000000,0x00000000c4300000)
 Metaspace       used 4379K, capacity 5507K, committed 5760K, reserved 1056768K
  class space    used 431K, capacity 546K, committed 640K, reserved 1048576K
}
Event: 3.385 GC heap after
{Heap after GC invocations=1 (full 0):
 PSYoungGen      total 29696K, used 2833K [0x00000000eab00000, 0x00000000ecc00000, 0x0000000100000000)
  eden space 25600K, 0% used [0x00000000eab00000,0x00000000eab00000,0x00000000ec400000)
  from space 4096K, 69% used [0x00000000ec400000,0x00000000ec6c4600,0x00000000ec800000)
  to   space 4096K, 0% used [0x00000000ec800000,0x00000000ec800000,0x00000000ecc00000)
 ParOldGen       total 68608K, used 8K [0x00000000c0000000, 0x00000000c4300000, 0x00000000eab00000)
  object space 68608K, 0% used [0x00000000c0000000,0x00000000c0002000,0x00000000c4300000)
 Metaspace       used 4379K, capacity 5507K, committed 5760K, reserved 1056768K
  class space    used 431K, capacity 546K, committed 640K, reserved 1048576K
}
Event: 5.353 GC heap before
{Heap before GC invocations=2 (full 0):
 PSYoungGen      total 29696K, used 28433K [0x00000000eab00000, 0x00000000ecc00000, 0x0000000100000000)
  eden space 25600K, 100% used [0x00000000eab00000,0x00000000ec400000,0x00000000ec400000)
  from space 4096K, 69% used [0x00000000ec400000,0x00000000ec6c4600,0x00000000ec800000)
  to   space 4096K, 0% used [0x00000000ec800000,0x00000000ec800000,0x00000000ecc00000)
 ParOldGen       total 68608K, used 8K [0x00000000c0000000, 0x00000000c4300000, 0x00000000eab00000)
  object space 68608K, 0% used [0x00000000c0000000,0x00000000c0002000,0x00000000c4300000)
 Metaspace       used 8499K, capacity 8866K, committed 8960K, reserved 1056768K
  class space    used 827K, capacity 960K, committed 1024K, reserved 1048576K
}
Event: 5.365 GC heap after
{Heap after GC invocations=2 (full 0):
 PSYoungGen      total 29696K, used 4080K [0x00000000eab00000, 0x00000000ecc00000, 0x0000000100000000)
  eden space 25600K, 0% used [0x00000000eab00000,0x00000000eab00000,0x00000000ec400000)
  from space 4096K, 99% used [0x00000000ec800000,0x00000000ecbfc378,0x00000000ecc00000)
  to   space 4096K, 0% used [0x00000000ec400000,0x00000000ec400000,0x00000000ec800000)
 ParOldGen       total 68608K, used 811K [0x00000000c0000000, 0x00000000c4300000, 0x00000000eab00000)
  object space 68608K, 1% used [0x00000000c0000000,0x00000000c00cac68,0x00000000c4300000)
 Metaspace       used 8499K, capacity 8866K, committed 8960K, reserved 1056768K
  class space    used 827K, capacity 960K, committed 1024K, reserved 1048576K
}
Event: 6.733 GC heap before
{Heap before GC invocations=3 (full 0):
 PSYoungGen      total 29696K, used 29680K [0x00000000eab00000, 0x00000000ecc00000, 0x0000000100000000)
  eden space 25600K, 100% used [0x00000000eab00000,0x00000000ec400000,0x00000000ec400000)
  from space 4096K, 99% used [0x00000000ec800000,0x00000000ecbfc378,0x00000000ecc00000)
  to   space 4096K, 0% used [0x00000000ec400000,0x00000000ec400000,0x00000000ec800000)
 ParOldGen       total 68608K, used 811K [0x00000000c0000000, 0x00000000c4300000, 0x00000000eab00000)
  object space 68608K, 1% used [0x00000000c0000000,0x00000000c00cac68,0x00000000c4300000)
 Metaspace       used 11928K, capacity 12872K, committed 12928K, reserved 1060864K
  class space    used 1133K, capacity 1398K, committed 1408K, reserved 1048576K
}
Event: 6.747 GC heap after
{Heap after GC invocations=3 (full 0):
 PSYoungGen      total 29696K, used 4071K [0x00000000eab00000, 0x00000000ecc00000, 0x0000000100000000)
  eden space 25600K, 0% used [0x00000000eab00000,0x00000000eab00000,0x00000000ec400000)
  from space 4096K, 99% used [0x00000000ec400000,0x00000000ec7f9f08,0x00000000ec800000)
  to   space 4096K, 0% used [0x00000000ec800000,0x00000000ec800000,0x00000000ecc00000)
 ParOldGen       total 68608K, used 5202K [0x00000000c0000000, 0x00000000c4300000, 0x00000000eab00000)
  object space 68608K, 7% used [0x00000000c0000000,0x00000000c0514b10,0x00000000c4300000)
 Metaspace       used 11928K, capacity 12872K, committed 12928K, reserved 1060864K
  class space    used 1133K, capacity 1398K, committed 1408K, reserved 1048576K
}
Event: 6.933 GC heap before
{Heap before GC invocations=4 (full 0):
 PSYoungGen      total 29696K, used 9972K [0x00000000eab00000, 0x00000000ecc00000, 0x0000000100000000)
  eden space 25600K, 23% used [0x00000000eab00000,0x00000000eb0c34b0,0x00000000ec400000)
  from space 4096K, 99% used [0x00000000ec400000,0x00000000ec7f9f08,0x00000000ec800000)
  to   space 4096K, 0% used [0x00000000ec800000,0x00000000ec800000,0x00000000ecc00000)
 ParOldGen       total 68608K, used 5202K [0x00000000c0000000, 0x00000000c4300000, 0x00000000eab00000)
  object space 68608K, 7% used [0x00000000c0000000,0x00000000c0514b10,0x00000000c4300000)
 Metaspace       used 13153K, capacity 14081K, committed 14208K, reserved 1069056K
  class space    used 1255K, capacity 1545K, committed 1664K, reserved 1048576K
}
Event: 6.941 GC heap after
{Heap after GC invocations=4 (full 0):
 PSYoungGen      total 29696K, used 4087K [0x00000000eab00000, 0x00000000ecc00000, 0x0000000100000000)
  eden space 25600K, 0% used [0x00000000eab00000,0x00000000eab00000,0x00000000ec400000)
  from space 4096K, 99% used [0x00000000ec800000,0x00000000ecbfdef8,0x00000000ecc00000)
  to   space 4096K, 0% used [0x00000000ec400000,0x00000000ec400000,0x00000000ec800000)
 ParOldGen       total 68608K, used 5370K [0x00000000c0000000, 0x00000000c4300000, 0x00000000eab00000)
  object space 68608K, 7% used [0x00000000c0000000,0x00000000c053eb20,0x00000000c4300000)
 Metaspace       used 13153K, capacity 14081K, committed 14208K, reserved 1069056K
  class space    used 1255K, capacity 1545K, committed 1664K, reserved 1048576K
}
Event: 6.941 GC heap before
{Heap before GC invocations=5 (full 1):
 PSYoungGen      total 29696K, used 4087K [0x00000000eab00000, 0x00000000ecc00000, 0x0000000100000000)
  eden space 25600K, 0% used [0x00000000eab00000,0x00000000eab00000,0x00000000ec400000)
  from space 4096K, 99% used [0x00000000ec800000,0x00000000ecbfdef8,0x00000000ecc00000)
  to   space 4096K, 0% used [0x00000000ec400000,0x00000000ec400000,0x00000000ec800000)
 ParOldGen       total 68608K, used 5370K [0x00000000c0000000, 0x00000000c4300000, 0x00000000eab00000)
  object space 68608K, 7% used [0x00000000c0000000,0x00000000c053eb20,0x00000000c4300000)
 Metaspace       used 13153K, capacity 14081K, committed 14208K, reserved 1069056K
  class space    used 1255K, capacity 1545K, committed 1664K, reserved 1048576K
}
Event: 7.028 GC heap after
{Heap after GC invocations=5 (full 1):
 PSYoungGen      total 29696K, used 0K [0x00000000eab00000, 0x00000000ecc00000, 0x0000000100000000)
  eden space 25600K, 0% used [0x00000000eab00000,0x00000000eab00000,0x00000000ec400000)
  from space 4096K, 0% used [0x00000000ec800000,0x00000000ec800000,0x00000000ecc00000)
  to   space 4096K, 0% used [0x00000000ec400000,0x00000000ec400000,0x00000000ec800000)
 ParOldGen       total 68608K, used 9191K [0x00000000c0000000, 0x00000000c4300000, 0x00000000eab00000)
  object space 68608K, 13% used [0x00000000c0000000,0x00000000c08f9fc8,0x00000000c4300000)
 Metaspace       used 13153K, capacity 14081K, committed 14208K, reserved 1069056K
  class space    used 1255K, capacity 1545K, committed 1664K, reserved 1048576K
}
Event: 7.028 GC heap before
{Heap before GC invocations=6 (full 1):
 PSYoungGen      total 29696K, used 0K [0x00000000eab00000, 0x00000000ecc00000, 0x0000000100000000)
  eden space 25600K, 0% used [0x00000000eab00000,0x00000000eab00000,0x00000000ec400000)
  from space 4096K, 0% used [0x00000000ec800000,0x00000000ec800000,0x00000000ecc00000)
  to   space 4096K, 0% used [0x00000000ec400000,0x00000000ec400000,0x00000000ec800000)
 ParOldGen       total 68608K, used 9191K [0x00000000c0000000, 0x00000000c4300000, 0x00000000eab00000)
  object space 68608K, 13% used [0x00000000c0000000,0x00000000c08f9fc8,0x00000000c4300000)
 Metaspace       used 13153K, capacity 14081K, committed 14208K, reserved 1073152K
  class space    used 1255K, capacity 1545K, committed 1664K, reserved 1048576K
}
Event: 7.033 GC heap after
{Heap after GC invocations=6 (full 1):
 PSYoungGen      total 26112K, used 0K [0x00000000eab00000, 0x00000000ec880000, 0x0000000100000000)
  eden space 25600K, 0% used [0x00000000eab00000,0x00000000eab00000,0x00000000ec400000)
  from space 512K, 0% used [0x00000000ec400000,0x00000000ec400000,0x00000000ec480000)
  to   space 2048K, 0% used [0x00000000ec680000,0x00000000ec680000,0x00000000ec880000)
 ParOldGen       total 68608K, used 9191K [0x00000000c0000000, 0x00000000c4300000, 0x00000000eab00000)
  object space 68608K, 13% used [0x00000000c0000000,0x00000000c08f9fc8,0x00000000c4300000)
 Metaspace       used 13153K, capacity 14081K, committed 14208K, reserved 1073152K
  class space    used 1255K, capacity 1545K, committed 1664K, reserved 1048576K
}
Event: 7.033 GC heap before
{Heap before GC invocations=7 (full 2):
 PSYoungGen      total 26112K, used 0K [0x00000000eab00000, 0x00000000ec880000, 0x0000000100000000)
  eden space 25600K, 0% used [0x00000000eab00000,0x00000000eab00000,0x00000000ec400000)
  from space 512K, 0% used [0x00000000ec400000,0x00000000ec400000,0x00000000ec480000)
  to   space 2048K, 0% used [0x00000000ec680000,0x00000000ec680000,0x00000000ec880000)
 ParOldGen       total 68608K, used 9191K [0x00000000c0000000, 0x00000000c4300000, 0x00000000eab00000)
  object space 68608K, 13% used [0x00000000c0000000,0x00000000c08f9fc8,0x00000000c4300000)
 Metaspace       used 13153K, capacity 14081K, committed 14208K, reserved 1073152K
  class space    used 1255K, capacity 1545K, committed 1664K, reserved 1048576K
}
Event: 7.127 GC heap after
{Heap after GC invocations=7 (full 2):
 PSYoungGen      total 26112K, used 0K [0x00000000eab00000, 0x00000000ec880000, 0x0000000100000000)
  eden space 25600K, 0% used [0x00000000eab00000,0x00000000eab00000,0x00000000ec400000)
  from space 512K, 0% used [0x00000000ec400000,0x00000000ec400000,0x00000000ec480000)
  to   space 2048K, 0% used [0x00000000ec680000,0x00000000ec680000,0x00000000ec880000)
 ParOldGen       total 68608K, used 8569K [0x00000000c0000000, 0x00000000c4300000, 0x00000000eab00000)
  object space 68608K, 12% used [0x00000000c0000000,0x00000000c085e548,0x00000000c4300000)
 Metaspace       used 13113K, capacity 14020K, committed 14208K, reserved 1064960K
  class space    used 1246K, capacity 1527K, committed 1664K, reserved 1048576K
}
Event: 7.733 GC heap before
{Heap before GC invocations=8 (full 2):
 PSYoungGen      total 26112K, used 25600K [0x00000000eab00000, 0x00000000ec880000, 0x0000000100000000)
  eden space 25600K, 100% used [0x00000000eab00000,0x00000000ec400000,0x00000000ec400000)
  from space 512K, 0% used [0x00000000ec400000,0x00000000ec400000,0x00000000ec480000)
  to   space 2048K, 0% used [0x00000000ec680000,0x00000000ec680000,0x00000000ec880000)
 ParOldGen       total 68608K, used 8569K [0x00000000c0000000, 0x00000000c4300000, 0x00000000eab00000)
  object space 68608K, 12% used [0x00000000c0000000,0x00000000c085e548,0x00000000c4300000)
 Metaspace       used 17308K, capacity 18303K, committed 18560K, reserved 1067008K
  class space    used 1573K, capacity 1886K, committed 1920K, reserved 1048576K
}
Event: 7.737 GC heap after
{Heap after GC invocations=8 (full 2):
 PSYoungGen      total 25600K, used 463K [0x00000000eab00000, 0x00000000ec700000, 0x0000000100000000)
  eden space 25088K, 0% used [0x00000000eab00000,0x00000000eab00000,0x00000000ec380000)
  from space 512K, 90% used [0x00000000ec680000,0x00000000ec6f3d60,0x00000000ec700000)
  to   space 1024K, 0% used [0x00000000ec500000,0x00000000ec500000,0x00000000ec600000)
 ParOldGen       total 68608K, used 8577K [0x00000000c0000000, 0x00000000c4300000, 0x00000000eab00000)
  object space 68608K, 12% used [0x00000000c0000000,0x00000000c0860548,0x00000000c4300000)
 Metaspace       used 17308K, capacity 18303K, committed 18560K, reserved 1067008K
  class space    used 1573K, capacity 1886K, committed 1920K, reserved 1048576K
}

Deoptimization events (20 events):
Event: 8.153 Thread 0x00000227aca25000 DEOPT PACKING pc=0x00000227a06c04b0 sp=0x000000dff6dfd800
Event: 8.153 Thread 0x00000227aca25000 DEOPT UNPACKING pc=0x0000022798ba912f sp=0x000000dff6dfd758 mode 2
Event: 8.153 Thread 0x00000227aca25000 Uncommon trap: trap_request=0xffffffc6 fr.pc=0x00000227a06c04b0 relative=0x0000000000000a50
Event: 8.153 Thread 0x00000227aca25000 Uncommon trap: reason=bimorphic_or_optimized_type_check action=maybe_recompile pc=0x00000227a06c04b0 method=java.util.HashMap.putVal(ILjava/lang/Object;Ljava/lang/Object;ZZ)Ljava/lang/Object; @ 56 c2
Event: 8.153 Thread 0x00000227aca25000 DEOPT PACKING pc=0x00000227a06c04b0 sp=0x000000dff6dfd800
Event: 8.153 Thread 0x00000227aca25000 DEOPT UNPACKING pc=0x0000022798ba912f sp=0x000000dff6dfd758 mode 2
Event: 8.153 Thread 0x00000227aca25000 Uncommon trap: trap_request=0xffffffc6 fr.pc=0x00000227a06c04b0 relative=0x0000000000000a50
Event: 8.153 Thread 0x00000227aca25000 Uncommon trap: reason=bimorphic_or_optimized_type_check action=maybe_recompile pc=0x00000227a06c04b0 method=java.util.HashMap.putVal(ILjava/lang/Object;Ljava/lang/Object;ZZ)Ljava/lang/Object; @ 56 c2
Event: 8.153 Thread 0x00000227aca25000 DEOPT PACKING pc=0x00000227a06c04b0 sp=0x000000dff6dfd800
Event: 8.153 Thread 0x00000227aca25000 DEOPT UNPACKING pc=0x0000022798ba912f sp=0x000000dff6dfd758 mode 2
Event: 8.153 Thread 0x00000227aca25000 Uncommon trap: trap_request=0xffffffc6 fr.pc=0x00000227a06c04b0 relative=0x0000000000000a50
Event: 8.153 Thread 0x00000227aca25000 Uncommon trap: reason=bimorphic_or_optimized_type_check action=maybe_recompile pc=0x00000227a06c04b0 method=java.util.HashMap.putVal(ILjava/lang/Object;Ljava/lang/Object;ZZ)Ljava/lang/Object; @ 56 c2
Event: 8.153 Thread 0x00000227aca25000 DEOPT PACKING pc=0x00000227a06c04b0 sp=0x000000dff6dfd800
Event: 8.153 Thread 0x00000227aca25000 DEOPT UNPACKING pc=0x0000022798ba912f sp=0x000000dff6dfd758 mode 2
Event: 8.393 Thread 0x00000227aca25000 DEOPT PACKING pc=0x00000227995fe3a6 sp=0x000000dff6dfd270
Event: 8.393 Thread 0x00000227aca25000 DEOPT UNPACKING pc=0x0000022798ba964e sp=0x000000dff6dfc768 mode 0
Event: 8.441 Thread 0x00000227aca25000 Uncommon trap: trap_request=0xffffff45 fr.pc=0x00000227a06fca6c relative=0x0000000000000bcc
Event: 8.441 Thread 0x00000227aca25000 Uncommon trap: reason=unstable_if action=reinterpret pc=0x00000227a06fca6c method=java.util.concurrent.ConcurrentHashMap.putVal(Ljava/lang/Object;Ljava/lang/Object;Z)Ljava/lang/Object; @ 148 c2
Event: 8.441 Thread 0x00000227aca25000 DEOPT PACKING pc=0x00000227a06fca6c sp=0x000000dff6dfcc30
Event: 8.441 Thread 0x00000227aca25000 DEOPT UNPACKING pc=0x0000022798ba912f sp=0x000000dff6dfcbc0 mode 2

Classes unloaded (18 events):
Event: 7.056 Thread 0x00000227aad70000 Unloading class 0x0000000800c30840 'java/lang/invoke/LambdaForm$MH'
Event: 7.056 Thread 0x00000227aad70000 Unloading class 0x0000000800c30040 'java/lang/invoke/LambdaForm$MH'
Event: 7.056 Thread 0x00000227aad70000 Unloading class 0x0000000800c0ac40 'java/lang/invoke/LambdaForm$MH'
Event: 7.056 Thread 0x00000227aad70000 Unloading class 0x0000000800c0a840 'java/lang/invoke/LambdaForm$MH'
Event: 7.056 Thread 0x00000227aad70000 Unloading class 0x0000000800c0b440 'java/lang/invoke/LambdaForm$MH'
Event: 7.056 Thread 0x00000227aad70000 Unloading class 0x0000000800c0b040 'java/lang/invoke/LambdaForm$MH'
Event: 7.056 Thread 0x00000227aad70000 Unloading class 0x0000000800c0bc40 'java/lang/invoke/LambdaForm$MH'
Event: 7.056 Thread 0x00000227aad70000 Unloading class 0x0000000800c0c440 'java/lang/invoke/LambdaForm$MH'
Event: 7.056 Thread 0x00000227aad70000 Unloading class 0x0000000800c0c040 'java/lang/invoke/LambdaForm$MH'
Event: 7.056 Thread 0x00000227aad70000 Unloading class 0x0000000800bc2440 'jdk/internal/reflect/GeneratedConstructorAccessor2'
Event: 7.056 Thread 0x00000227aad70000 Unloading class 0x0000000800bc2c40 'jdk/internal/reflect/GeneratedMethodAccessor5'
Event: 7.056 Thread 0x00000227aad70000 Unloading class 0x0000000800bc2840 'jdk/internal/reflect/GeneratedMethodAccessor4'
Event: 7.056 Thread 0x00000227aad70000 Unloading class 0x0000000800bc3440 'jdk/internal/reflect/GeneratedMethodAccessor3'
Event: 7.056 Thread 0x00000227aad70000 Unloading class 0x0000000800bc3040 'jdk/internal/reflect/GeneratedMethodAccessor2'
Event: 7.056 Thread 0x00000227aad70000 Unloading class 0x0000000800bc3c40 'jdk/internal/reflect/GeneratedMethodAccessor1'
Event: 7.056 Thread 0x00000227aad70000 Unloading class 0x0000000800bb6440 'java/lang/invoke/LambdaForm$DMH'
Event: 7.056 Thread 0x00000227aad70000 Unloading class 0x0000000800bb6840 'java/lang/invoke/LambdaForm$DMH'
Event: 7.056 Thread 0x00000227aad70000 Unloading class 0x0000000800bb4040 'jdk/internal/reflect/GeneratedConstructorAccessor1'

Classes redefined (0 events):
No events

Internal exceptions (20 events):
Event: 3.399 Thread 0x000002278ee55000 Implicit null exception at 0x00000227a0675065 to 0x00000227a0675266
Event: 3.401 Thread 0x000002278ee55000 Implicit null exception at 0x00000227a066dcaf to 0x00000227a066dd2d
Event: 3.404 Thread 0x000002278ee55000 Implicit null exception at 0x00000227a066afeb to 0x00000227a066b96a
Event: 3.544 Thread 0x000002278ee55000 Exception <a 'java/lang/NoSuchMethodError'{0x00000000ead5c0c8}: 'int java.lang.invoke.DirectMethodHandle$Holder.invokeStaticInit(java.lang.Object, java.lang.Object, java.lang.Object, java.lang.Object)'> (0x00000000ead5c0c8) 
thrown [t:/workspace/open/src/hotspot/share/interpreter/linkResolver.cpp, line 767]
Event: 3.548 Thread 0x000002278ee55000 Exception <a 'java/lang/IncompatibleClassChangeError'{0x00000000ead657d8}: Found class java.lang.Object, but interface was expected> (0x00000000ead657d8) 
thrown [t:/workspace/open/src/hotspot/share/interpreter/linkResolver.cpp, line 833]
Event: 3.549 Thread 0x000002278ee55000 Exception <a 'java/lang/NoSuchMethodError'{0x00000000ead6b2b8}: 'void java.lang.invoke.DirectMethodHandle$Holder.invokeStaticInit(java.lang.Object, java.lang.Object)'> (0x00000000ead6b2b8) 
thrown [t:/workspace/open/src/hotspot/share/interpreter/linkResolver.cpp, line 767]
Event: 3.550 Thread 0x000002278ee55000 Exception <a 'java/lang/NoSuchMethodError'{0x00000000ead74538}: 'int java.lang.invoke.DirectMethodHandle$Holder.invokeStaticInit(java.lang.Object, java.lang.Object)'> (0x00000000ead74538) 
thrown [t:/workspace/open/src/hotspot/share/interpreter/linkResolver.cpp, line 767]
Event: 4.925 Thread 0x000002278ee55000 Exception <a 'java/lang/UnsatisfiedLinkError'{0x00000000ebf6e2e8}: 'void org.eclipse.equinox.launcher.JNIBridge._update_splash()'> (0x00000000ebf6e2e8) 
thrown [t:/workspace/open/src/hotspot/share/prims/nativeLookup.cpp, line 387]
Event: 4.999 Thread 0x00000227aca22800 Implicit null exception at 0x00000227a066f718 to 0x00000227a066f7ca
Event: 6.289 Thread 0x00000227aca25000 Exception <a 'java/io/FileNotFoundException'{0x00000000eb9fbb80}> (0x00000000eb9fbb80) 
thrown [t:/workspace/open/src/hotspot/share/prims/jni.cpp, line 598]
Event: 6.730 Thread 0x00000227aca25000 Exception <a 'java/io/FileNotFoundException'{0x00000000ec3eeca8}> (0x00000000ec3eeca8) 
thrown [t:/workspace/open/src/hotspot/share/prims/jni.cpp, line 598]
Event: 6.749 Thread 0x00000227aca25000 Exception <a 'java/io/FileNotFoundException'{0x00000000eab14810}> (0x00000000eab14810) 
thrown [t:/workspace/open/src/hotspot/share/prims/jni.cpp, line 598]
Event: 7.396 Thread 0x00000227aca25000 Exception <a 'java/io/FileNotFoundException'{0x00000000eb7c8360}> (0x00000000eb7c8360) 
thrown [t:/workspace/open/src/hotspot/share/prims/jni.cpp, line 598]
Event: 7.399 Thread 0x00000227aca25000 Exception <a 'java/io/FileNotFoundException'{0x00000000eb7c94a0}> (0x00000000eb7c94a0) 
thrown [t:/workspace/open/src/hotspot/share/prims/jni.cpp, line 598]
Event: 7.405 Thread 0x00000227aca25000 Exception <a 'java/io/FileNotFoundException'{0x00000000eb7ca5f0}> (0x00000000eb7ca5f0) 
thrown [t:/workspace/open/src/hotspot/share/prims/jni.cpp, line 598]
Event: 7.628 Thread 0x00000227aca25000 Exception <a 'java/lang/NoSuchMethodError'{0x00000000ebfc3818}: 'int java.lang.invoke.DirectMethodHandle$Holder.invokeStaticInit(java.lang.Object, java.lang.Object, java.lang.Object)'> (0x00000000ebfc3818) 
thrown [t:/workspace/open/src/hotspot/share/interpreter/linkResolver.cpp, line 767]
Event: 7.873 Thread 0x00000227aca25000 Exception <a 'java/io/FileNotFoundException'{0x00000000eb0d3618}> (0x00000000eb0d3618) 
thrown [t:/workspace/open/src/hotspot/share/prims/jni.cpp, line 598]
Event: 8.001 Thread 0x00000227aca25000 Exception <a 'java/io/FileNotFoundException'{0x00000000eba09520}> (0x00000000eba09520) 
thrown [t:/workspace/open/src/hotspot/share/prims/jni.cpp, line 598]
Event: 8.135 Thread 0x00000227aca25000 Exception <a 'java/io/FileNotFoundException'{0x00000000ebbe2ca0}> (0x00000000ebbe2ca0) 
thrown [t:/workspace/open/src/hotspot/share/prims/jni.cpp, line 598]
Event: 8.380 Thread 0x00000227aca25000 Exception <a 'java/lang/ClassNotFoundException'{0x00000000ebe816c8}: com/sun/org/apache/xml/internal/serializer/spi/XMLEntitiesProvider> (0x00000000ebe816c8) 
thrown [t:/workspace/open/src/hotspot/share/classfile/systemDictionary.cpp, line 232]

Events (20 events):
Event: 8.391 loading class com/sun/org/apache/xml/internal/serializer/Encodings$EncodingInfos
Event: 8.391 loading class com/sun/org/apache/xml/internal/serializer/Encodings$EncodingInfos done
Event: 8.394 loading class java/nio/charset/Charset$ExtendedProviderHolder
Event: 8.394 loading class java/nio/charset/Charset$ExtendedProviderHolder done
Event: 8.394 loading class java/nio/charset/Charset$ExtendedProviderHolder$1
Event: 8.394 loading class java/nio/charset/Charset$ExtendedProviderHolder$1 done
Event: 8.440 loading class java/nio/charset/Charset$2
Event: 8.440 loading class java/nio/charset/Charset$2 done
Event: 8.441 loading class java/nio/charset/Charset$1
Event: 8.441 loading class java/nio/charset/Charset$1 done
Event: 8.470 loading class java/nio/charset/UnsupportedCharsetException
Event: 8.470 loading class java/nio/charset/UnsupportedCharsetException done
Event: 8.491 loading class sun/nio/cs/ISO_8859_13
Event: 8.491 loading class sun/nio/cs/ISO_8859_13 done
Event: 8.503 loading class sun/nio/cs/DelegatableDecoder
Event: 8.503 loading class sun/nio/cs/DelegatableDecoder done
Event: 8.503 Executing VM operation: Deoptimize
Event: 8.504 Executing VM operation: Deoptimize done
Event: 8.504 loading class sun/nio/cs/ISO_8859_15
Event: 8.504 loading class sun/nio/cs/ISO_8859_15 done


Dynamic libraries:
0x00007ff6aee20000 - 0x00007ff6aee2f000 	C:\Users\admin\Win2020\JDK\jdk-13.0.2\bin\java.exe
0x00007ffa53140000 - 0x00007ffa53330000 	C:\WINDOWS\SYSTEM32\ntdll.dll
0x00007ffa52f00000 - 0x00007ffa52fb2000 	C:\WINDOWS\System32\KERNEL32.DLL
0x00007ffa50a00000 - 0x00007ffa50ca4000 	C:\WINDOWS\System32\KERNELBASE.dll
0x00007ffa50e90000 - 0x00007ffa50f8a000 	C:\WINDOWS\System32\ucrtbase.dll
0x00007ffa447f0000 - 0x00007ffa44808000 	C:\Users\admin\Win2020\JDK\jdk-13.0.2\bin\jli.dll
0x00007ffa524f0000 - 0x00007ffa52593000 	C:\WINDOWS\System32\ADVAPI32.dll
0x00007ffa52b90000 - 0x00007ffa52c2e000 	C:\WINDOWS\System32\msvcrt.dll
0x00007ffa51f50000 - 0x00007ffa51fe7000 	C:\WINDOWS\System32\sechost.dll
0x00007ffa52de0000 - 0x00007ffa52f00000 	C:\WINDOWS\System32\RPCRT4.dll
0x00007ffa52980000 - 0x00007ffa52b14000 	C:\WINDOWS\System32\USER32.dll
0x00007ffa50e60000 - 0x00007ffa50e81000 	C:\WINDOWS\System32\win32u.dll
0x00007ffa52db0000 - 0x00007ffa52dd6000 	C:\WINDOWS\System32\GDI32.dll
0x00007ffa51050000 - 0x00007ffa511e6000 	C:\WINDOWS\System32\gdi32full.dll
0x00007ffa50f90000 - 0x00007ffa5102e000 	C:\WINDOWS\System32\msvcp_win.dll
0x00007ffa44e20000 - 0x00007ffa44e35000 	C:\Users\admin\Win2020\JDK\jdk-13.0.2\bin\VCRUNTIME140.dll
0x00007ffa453c0000 - 0x00007ffa45644000 	C:\WINDOWS\WinSxS\amd64_microsoft.windows.common-controls_6595b64144ccf1df_6.0.18362.959_none_e6c7bbbf130c62bb\COMCTL32.dll
0x00007ffa51a60000 - 0x00007ffa51d95000 	C:\WINDOWS\System32\combase.dll
0x00007ffa501f0000 - 0x00007ffa50270000 	C:\WINDOWS\System32\bcryptPrimitives.dll
0x00007ffa481c0000 - 0x00007ffa481ca000 	C:\WINDOWS\SYSTEM32\VERSION.dll
0x00007ffa524c0000 - 0x00007ffa524ee000 	C:\WINDOWS\System32\IMM32.DLL
0x00007ffa2f030000 - 0x00007ffa2f0cb000 	C:\Users\admin\Win2020\JDK\jdk-13.0.2\bin\msvcp140.dll
0x00007ffa0e420000 - 0x00007ffa0ef7d000 	C:\Users\admin\Win2020\JDK\jdk-13.0.2\bin\server\jvm.dll
0x00007ffa52610000 - 0x00007ffa52618000 	C:\WINDOWS\System32\PSAPI.DLL
0x00007ffa4e4b0000 - 0x00007ffa4e4b9000 	C:\WINDOWS\SYSTEM32\WSOCK32.dll
0x00007ffa525a0000 - 0x00007ffa5260f000 	C:\WINDOWS\System32\WS2_32.dll
0x00007ffa4d090000 - 0x00007ffa4d0b4000 	C:\WINDOWS\SYSTEM32\WINMM.dll
0x00007ffa4d060000 - 0x00007ffa4d08d000 	C:\WINDOWS\SYSTEM32\WINMMBASE.dll
0x00007ffa500f0000 - 0x00007ffa5013a000 	C:\WINDOWS\System32\cfgmgr32.dll
0x00007ffa50000000 - 0x00007ffa50011000 	C:\WINDOWS\System32\kernel.appcore.dll
0x00007ffa4a8c0000 - 0x00007ffa4a8d0000 	C:\Users\admin\Win2020\JDK\jdk-13.0.2\bin\verify.dll
0x00007ffa4e290000 - 0x00007ffa4e484000 	C:\WINDOWS\SYSTEM32\DBGHELP.DLL
0x00007ffa3d9e0000 - 0x00007ffa3da0a000 	C:\WINDOWS\SYSTEM32\dbgcore.DLL
0x00007ffa42f80000 - 0x00007ffa42fa6000 	C:\Users\admin\Win2020\JDK\jdk-13.0.2\bin\java.dll
0x00007ffa48e70000 - 0x00007ffa48e7e000 	C:\Users\admin\Win2020\JDK\jdk-13.0.2\bin\instrument.dll
0x00007ffa44710000 - 0x00007ffa44727000 	C:\Users\admin\Win2020\JDK\jdk-13.0.2\bin\zip.dll
0x00007ffa48d20000 - 0x00007ffa48d2a000 	C:\Users\admin\Win2020\JDK\jdk-13.0.2\bin\jimage.dll
0x00007ffa512c0000 - 0x00007ffa519a6000 	C:\WINDOWS\System32\SHELL32.dll
0x00007ffa519b0000 - 0x00007ffa51a59000 	C:\WINDOWS\System32\shcore.dll
0x00007ffa50270000 - 0x00007ffa509f2000 	C:\WINDOWS\System32\windows.storage.dll
0x00007ffa50020000 - 0x00007ffa50043000 	C:\WINDOWS\System32\profapi.dll
0x00007ffa50050000 - 0x00007ffa5009a000 	C:\WINDOWS\System32\powrprof.dll
0x00007ffa4fff0000 - 0x00007ffa50000000 	C:\WINDOWS\System32\UMPDC.dll
0x00007ffa52880000 - 0x00007ffa528d2000 	C:\WINDOWS\System32\shlwapi.dll
0x00007ffa51030000 - 0x00007ffa51047000 	C:\WINDOWS\System32\cryptsp.dll
0x00007ffa446d0000 - 0x00007ffa446e9000 	C:\Users\admin\Win2020\JDK\jdk-13.0.2\bin\net.dll
0x00007ffa45bf0000 - 0x00007ffa45ce0000 	C:\WINDOWS\SYSTEM32\WINHTTP.dll
0x00007ffa4f860000 - 0x00007ffa4f8c7000 	C:\WINDOWS\system32\mswsock.dll
0x00007ffa42f60000 - 0x00007ffa42f73000 	C:\Users\admin\Win2020\JDK\jdk-13.0.2\bin\nio.dll
0x00007ffa4f3d0000 - 0x00007ffa4f403000 	C:\WINDOWS\system32\rsaenh.dll
0x00007ffa500c0000 - 0x00007ffa500e6000 	C:\WINDOWS\System32\bcrypt.dll
0x00007ffa4ff10000 - 0x00007ffa4ff35000 	C:\WINDOWS\SYSTEM32\USERENV.dll
0x00007ffa4fa30000 - 0x00007ffa4fa3c000 	C:\WINDOWS\SYSTEM32\CRYPTBASE.dll
0x00007ffa4f570000 - 0x00007ffa4f5aa000 	C:\WINDOWS\SYSTEM32\IPHLPAPI.DLL
0x00007ffa528e0000 - 0x00007ffa528e8000 	C:\WINDOWS\System32\NSI.dll
0x00007ffa48ef0000 - 0x00007ffa48f06000 	C:\WINDOWS\SYSTEM32\dhcpcsvc6.DLL
0x00007ffa47430000 - 0x00007ffa4744c000 	C:\WINDOWS\SYSTEM32\dhcpcsvc.DLL
0x00007ffa4f600000 - 0x00007ffa4f6cb000 	C:\WINDOWS\SYSTEM32\DNSAPI.dll
0x00007ffa3a150000 - 0x00007ffa3a179000 	C:\Users\admin\AppData\Roaming\Code\User\globalStorage\redhat.java\0.65.0\config_win\org.eclipse.equinox.launcher\org.eclipse.equinox.launcher.win32.win32.x86_64_1.1.1200.v20200508-1552\eclipse_11000.dll

dbghelp: loaded successfully - version: 4.0.5 - missing functions: none
symbol engine: initialized successfully - sym options: 0x614 - pdb path: .;C:\Users\admin\Win2020\JDK\jdk-13.0.2\bin;C:\WINDOWS\SYSTEM32;C:\WINDOWS\WinSxS\amd64_microsoft.windows.common-controls_6595b64144ccf1df_6.0.18362.959_none_e6c7bbbf130c62bb;C:\Users\admin\Win2020\JDK\jdk-13.0.2\bin\server;C:\Users\admin\AppData\Roaming\Code\User\globalStorage\redhat.java\0.65.0\config_win\org.eclipse.equinox.launcher\org.eclipse.equinox.launcher.win32.win32.x86_64_1.1.1200.v20200508-1552

VM Arguments:
jvm_args: --add-modules=ALL-SYSTEM --add-opens=java.base/java.util=ALL-UNNAMED --add-opens=java.base/java.lang=ALL-UNNAMED -Declipse.application=org.eclipse.jdt.ls.core.id1 -Dosgi.bundles.defaultStartLevel=4 -Declipse.product=org.eclipse.jdt.ls.core.product -Dfile.encoding=utf8 -DwatchParentProcess=false -XX:+UseParallelGC -XX:GCTimeRatio=4 -XX:AdaptiveSizePolicyWeight=90 -Dsun.zip.disableMemoryMapping=true -Xmx1G -Xms100m -javaagent:c:\Users\admin\.vscode\extensions\gabrielbb.vscode-lombok-1.0.1\server\lombok.jar 
java_command: c:\Users\admin\.vscode\extensions\redhat.java-0.65.0\server\plugins\org.eclipse.equinox.launcher_1.5.700.v20200207-2156.jar -configuration c:\Users\admin\AppData\Roaming\Code\User\globalStorage\redhat.java\0.65.0\config_win -data c:\Users\admin\AppData\Roaming\Code\User\workspaceStorage\413918f1b306fc7d3e25d75b7146ddd1\redhat.java\jdt_ws
java_class_path (initial): c:\Users\admin\.vscode\extensions\redhat.java-0.65.0\server\plugins\org.eclipse.equinox.launcher_1.5.700.v20200207-2156.jar
Launcher Type: SUN_STANDARD

[Global flags]
    uintx AdaptiveSizePolicyWeight                 = 90                                        {product} {command line}
     intx CICompilerCount                          = 3                                         {product} {ergonomic}
    uintx GCTimeRatio                              = 4                                         {product} {command line}
   size_t InitialHeapSize                          = 104857600                                 {product} {command line}
   size_t MaxHeapSize                              = 1073741824                                {product} {command line}
   size_t MaxNewSize                               = 357564416                                 {product} {ergonomic}
   size_t MinHeapDeltaBytes                        = 524288                                    {product} {ergonomic}
   size_t MinHeapSize                              = 104857600                                 {product} {command line}
   size_t NewSize                                  = 34603008                                  {product} {ergonomic}
    uintx NonNMethodCodeHeapSize                   = 5832780                                {pd product} {ergonomic}
    uintx NonProfiledCodeHeapSize                  = 122912730                              {pd product} {ergonomic}
   size_t OldSize                                  = 70254592                                  {product} {ergonomic}
    uintx ProfiledCodeHeapSize                     = 122912730                              {pd product} {ergonomic}
    uintx ReservedCodeCacheSize                    = 251658240                              {pd product} {ergonomic}
     bool SegmentedCodeCache                       = true                                      {product} {ergonomic}
   size_t SoftMaxHeapSize                          = 1073741824                             {manageable} {ergonomic}
     bool UseCompressedClassPointers               = true                                 {lp64_product} {ergonomic}
     bool UseCompressedOops                        = true                                 {lp64_product} {ergonomic}
     bool UseLargePagesIndividualAllocation        = false                                  {pd product} {ergonomic}
     bool UseParallelGC                            = true                                      {product} {command line}

Logging:
Log output configuration:
 #0: stdout all=warning uptime,level,tags
 #1: stderr all=off uptime,level,tags

Environment Variables:
JAVA_HOME=C:\Users\admin\Win2020\JDK\jdk-13.0.2
PATH=C:\Python38\Scripts\;C:\Python38\;C:\Program Files (x86)\Common Files\Oracle\Java\javapath;C:\ProgramData\Oracle\Java\javapath;C:\WINDOWS\system32;C:\WINDOWS;C:\WINDOWS\System32\Wbem;C:\WINDOWS\System32\WindowsPowerShell\v1.0\;C:\Program Files (x86)\Skype\Phone\;C:\WINDOWS\System32\OpenSSH\;C:\Program Files\Intel\WiFi\bin\;C:\Program Files\Common Files\Intel\WirelessCommon\;C:\ProgramData\chocolatey\bin;C:\Users\admin\Win2020\NPM\;C:\Program Files\Git\cmd;C:\Users\admin\AppData\Local\Microsoft\WindowsApps;C:\Program Files\Intel\WiFi\bin\;C:\Program Files\Common Files\Intel\WirelessCommon\;C:\Users\admin\AppData\Local\Programs\Microsoft VS Code\bin;C:\Users\admin\AppData\Local\GitHubDesktop\bin;C:\Users\admin\AppData\Roaming\npm
USERNAME=admin
OS=Windows_NT
PROCESSOR_IDENTIFIER=Intel64 Family 6 Model 61 Stepping 4, GenuineIntel



---------------  S Y S T E M  ---------------

OS: Windows 10 , 64 bit Build 18362 (10.0.18362.959)

CPU:total 4 (initial active 4) (2 cores per cpu, 2 threads per core) family 6 model 61 stepping 4, cmov, cx8, fxsr, mmx, sse, sse2, sse3, ssse3, sse4.1, sse4.2, popcnt, avx, avx2, aes, clmul, erms, rtm, 3dnowpref, lzcnt, ht, tsc, tscinvbit, bmi1, bmi2, adx, fma

Memory: 4k page, system-wide physical 8080M (1801M free)
TotalPageFile size 10128M (AvailPageFile size 5M)
current process WorkingSet (physical memory assigned to process): 129M, peak: 131M
current process commit charge ("private bytes"): 231M, peak: 233M

vm_info: Java HotSpot(TM) 64-Bit Server VM (13.0.2+8) for windows-amd64 JRE (13.0.2+8), built on Dec 11 2019 09:20:33 by "mach5one" with unknown MS VC++:1916

END.
