#
# There is insufficient memory for the Java Runtime Environment to continue.
# Native memory allocation (malloc) failed to allocate 590256 bytes for Chunk::new
# Possible reasons:
#   The system is out of physical RAM or swap space
#   The process is running with CompressedOops enabled, and the Java Heap may be blocking the growth of the native heap
# Possible solutions:
#   Reduce memory load on the system
#   Increase physical memory or swap space
#   Check if swap backing store is full
#   Decrease Java heap size (-Xmx/-Xms)
#   Decrease number of Java threads
#   Decrease Java thread stack sizes (-Xss)
#   Set larger code cache with -XX:ReservedCodeCacheSize=
#   JVM is running with Unscaled Compressed Oops mode in which the Java heap is
#     placed in the first 4GB address space. The Java Heap base address is the
#     maximum limit for the native heap growth. Please use -XX:HeapBaseMinAddress
#     to set the Java Heap base and to place the Java Heap above 4GB virtual address.
# This output file may be truncated or incomplete.
#
#  Out of Memory Error (t:/workspace/open/src/hotspot/share/memory/arena.cpp:196), pid=13632, tid=1604
#
# JRE version: Java(TM) SE Runtime Environment (13.0.2+8) (build 13.0.2+8)
# Java VM: Java HotSpot(TM) 64-Bit Server VM (13.0.2+8, mixed mode, sharing, tiered, compressed oops, parallel gc, windows-amd64)
# No core dump will be written. Minidumps are not enabled by default on client versions of Windows
#

---------------  S U M M A R Y ------------

Command Line: --add-modules=ALL-SYSTEM --add-opens=java.base/java.util=ALL-UNNAMED --add-opens=java.base/java.lang=ALL-UNNAMED -Declipse.application=org.eclipse.jdt.ls.core.id1 -Dosgi.bundles.defaultStartLevel=4 -Declipse.product=org.eclipse.jdt.ls.core.product -Dfile.encoding=utf8 -DwatchParentProcess=false -XX:+UseParallelGC -XX:GCTimeRatio=4 -XX:AdaptiveSizePolicyWeight=90 -Dsun.zip.disableMemoryMapping=true -Xmx1G -Xms100m -javaagent:c:\Users\admin\.vscode\extensions\gabrielbb.vscode-lombok-1.0.1\server\lombok.jar c:\Users\admin\.vscode\extensions\redhat.java-0.65.0\server\plugins\org.eclipse.equinox.launcher_1.5.700.v20200207-2156.jar -configuration c:\Users\admin\AppData\Roaming\Code\User\globalStorage\redhat.java\0.65.0\config_ss_win -data c:\Users\admin\AppData\Roaming\Code\User\workspaceStorage\413918f1b306fc7d3e25d75b7146ddd1\redhat.java\ss_ws

Host: Intel(R) Core(TM) i5-5300U CPU @ 2.30GHz, 4 cores, 7G,  Windows 10 , 64 bit Build 18362 (10.0.18362.959)
Time: Tue Aug  4 09:01:06 2020 Eastern Daylight Time elapsed time: 7 seconds (0d 0h 0m 7s)

---------------  T H R E A D  ---------------

Current thread (0x0000016cfc5f3000):  JavaThread "C2 CompilerThread0" daemon [_thread_in_native, id=1604, stack(0x000000066f900000,0x000000066fa00000)]


Current CompileTask:
C2:   7416 1915       4       org.objectweb.asm.ClassReader::readMethod (1052 bytes)

Stack: [0x000000066f900000,0x000000066fa00000]
Native frames: (J=compiled Java code, j=interpreted, Vv=VM code, C=native code)
V  [jvm.dll+0x624f9a]
V  [jvm.dll+0x770cfa]
V  [jvm.dll+0x7724af]
V  [jvm.dll+0x772ab3]
V  [jvm.dll+0x24bf08]
V  [jvm.dll+0xc1e47]
V  [jvm.dll+0xc23cc]
V  [jvm.dll+0x2bdbf4]
V  [jvm.dll+0x5441fd]
V  [jvm.dll+0x20de66]
V  [jvm.dll+0x207652]
V  [jvm.dll+0x204d1d]
V  [jvm.dll+0x189c2c]
V  [jvm.dll+0x213e6d]
V  [jvm.dll+0x2120bb]
V  [jvm.dll+0x736bb6]
V  [jvm.dll+0x72fcaa]
V  [jvm.dll+0x623ea6]
C  [ucrtbase.dll+0x20e82]
C  [KERNEL32.DLL+0x17bd4]
C  [ntdll.dll+0x6ce51]


---------------  P R O C E S S  ---------------

Threads class SMR info:
_java_thread_list=0x0000016cfe742820, length=18, elements={
0x0000016cf155e000, 0x0000016cf161a800, 0x0000016cf161d800, 0x0000016cfc5ec800,
0x0000016cfc5ef800, 0x0000016cfc5f3000, 0x0000016cfc5fe000, 0x0000016cfc612800,
0x0000016cf15fd000, 0x0000016cfd850800, 0x0000016cfde17000, 0x0000016cfde27800,
0x0000016cfde8f800, 0x0000016cfe3cc000, 0x0000016cfdf24800, 0x0000016cfd652800,
0x0000016cfda97800, 0x0000016cfe3c5800
}

Java Threads: ( => current thread )
  0x0000016cf155e000 JavaThread "main" [_thread_blocked, id=15996, stack(0x000000066f200000,0x000000066f300000)]
  0x0000016cf161a800 JavaThread "Reference Handler" daemon [_thread_blocked, id=8888, stack(0x000000066f500000,0x000000066f600000)]
  0x0000016cf161d800 JavaThread "Finalizer" daemon [_thread_blocked, id=9860, stack(0x000000066f600000,0x000000066f700000)]
  0x0000016cfc5ec800 JavaThread "Signal Dispatcher" daemon [_thread_blocked, id=14948, stack(0x000000066f700000,0x000000066f800000)]
  0x0000016cfc5ef800 JavaThread "Attach Listener" daemon [_thread_blocked, id=11020, stack(0x000000066f800000,0x000000066f900000)]
=>0x0000016cfc5f3000 JavaThread "C2 CompilerThread0" daemon [_thread_in_native, id=1604, stack(0x000000066f900000,0x000000066fa00000)]
  0x0000016cfc5fe000 JavaThread "C1 CompilerThread0" daemon [_thread_blocked, id=3128, stack(0x000000066fa00000,0x000000066fb00000)]
  0x0000016cfc612800 JavaThread "Sweeper thread" daemon [_thread_blocked, id=8344, stack(0x000000066fb00000,0x000000066fc00000)]
  0x0000016cf15fd000 JavaThread "Common-Cleaner" daemon [_thread_blocked, id=12020, stack(0x000000066fc00000,0x000000066fd00000)]
  0x0000016cfd850800 JavaThread "Service Thread" daemon [_thread_blocked, id=12508, stack(0x000000066fd00000,0x000000066fe00000)]
  0x0000016cfde17000 JavaThread "Active Thread: Equinox Container: 526460d0-f95e-4933-a040-efb89e641d5f" [_thread_blocked, id=9996, stack(0x0000000670100000,0x0000000670200000)]
  0x0000016cfde27800 JavaThread "Framework Event Dispatcher: Equinox Container: 526460d0-f95e-4933-a040-efb89e641d5f" daemon [_thread_blocked, id=9288, stack(0x0000000670000000,0x0000000670100000)]
  0x0000016cfde8f800 JavaThread "Start Level: Equinox Container: 526460d0-f95e-4933-a040-efb89e641d5f" daemon [_thread_in_native, id=11012, stack(0x0000000670200000,0x0000000670300000)]
  0x0000016cfe3cc000 JavaThread "Worker-JM" [_thread_blocked, id=15376, stack(0x0000000670500000,0x0000000670600000)]
  0x0000016cfdf24800 JavaThread "Worker-0" [_thread_blocked, id=1440, stack(0x0000000670600000,0x0000000670700000)]
  0x0000016cfd652800 JavaThread "Worker-1" [_thread_blocked, id=7180, stack(0x0000000670700000,0x0000000670800000)]
  0x0000016cfda97800 JavaThread "Worker-2" [_thread_blocked, id=2936, stack(0x0000000670800000,0x0000000670900000)]
  0x0000016cfe3c5800 JavaThread "Java indexing" daemon [_thread_blocked, id=4316, stack(0x0000000670900000,0x0000000670a00000)]

Other Threads:
  0x0000016cfc5e0000 VMThread "VM Thread" [stack: 0x000000066f400000,0x000000066f500000] [id=8172]
  0x0000016cfd811000 WatcherThread [stack: 0x000000066fe00000,0x000000066ff00000] [id=9048]
  0x0000016cf1577800 GCTaskThread "ParGC Thread#0" [stack: 0x000000066f300000,0x000000066f400000] [id=14512]
  0x0000016cfddf7000 GCTaskThread "ParGC Thread#1" [stack: 0x000000066ff00000,0x0000000670000000] [id=13064]
  0x0000016cfe423800 GCTaskThread "ParGC Thread#2" [stack: 0x0000000670300000,0x0000000670400000] [id=7612]
  0x0000016cfe40d000 GCTaskThread "ParGC Thread#3" [stack: 0x0000000670400000,0x0000000670500000] [id=13140]

Threads with active compile tasks:
C2 CompilerThread0     7504 1915       4       org.objectweb.asm.ClassReader::readMethod (1052 bytes)

VM state:not at safepoint (normal execution)

VM Mutex/Monitor currently owned by a thread: None

Heap address: 0x00000000c0000000, size: 1024 MB, Compressed Oops mode: 32-bit
Narrow klass base: 0x0000000800000000, Narrow klass shift: 3
Compressed class space size: 1073741824 Address: 0x0000000800b40000

Heap:
 PSYoungGen      total 29696K, used 11626K [0x00000000eab00000, 0x00000000ecc00000, 0x0000000100000000)
  eden space 25600K, 29% used [0x00000000eab00000,0x00000000eb25f778,0x00000000ec400000)
  from space 4096K, 99% used [0x00000000ec800000,0x00000000ecbfb468,0x00000000ecc00000)
  to   space 4096K, 0% used [0x00000000ec400000,0x00000000ec400000,0x00000000ec800000)
 ParOldGen       total 68608K, used 3860K [0x00000000c0000000, 0x00000000c4300000, 0x00000000eab00000)
  object space 68608K, 5% used [0x00000000c0000000,0x00000000c03c5188,0x00000000c4300000)
 Metaspace       used 17166K, capacity 18175K, committed 18304K, reserved 1064960K
  class space    used 1525K, capacity 1862K, committed 1920K, reserved 1048576K

Card table byte_map: [0x0000016cf1050000,0x0000016cf1260000] _byte_map_base: 0x0000016cf0a50000

Marking Bits: (ParMarkBitMap*) 0x00007ffa0eeb4110
 Begin Bits: [0x0000016cf9a60000, 0x0000016cfaa60000)
 End Bits:   [0x0000016cfaa60000, 0x0000016cfba60000)

Polling page: 0x0000016cef430000

Metaspace:

Usage:
  Non-class:     15.93 MB capacity,    15.27 MB ( 96%) used,   646.19 KB (  4%) free+waste,    26.75 KB ( <1%) overhead. 
      Class:      1.82 MB capacity,     1.49 MB ( 82%) used,   323.25 KB ( 17%) free+waste,    12.81 KB ( <1%) overhead. 
       Both:     17.75 MB capacity,    16.76 MB ( 94%) used,   969.44 KB (  5%) free+waste,    39.56 KB ( <1%) overhead. 

Virtual space:
  Non-class space:       16.00 MB reserved,      16.00 MB (100%) committed 
      Class space:        1.00 GB reserved,       1.88 MB ( <1%) committed 
             Both:        1.02 GB reserved,      17.88 MB (  2%) committed 

Chunk freelists:
   Non-Class:  7.00 KB
       Class:  0 bytes
        Both:  7.00 KB

MaxMetaspaceSize: 17179869184.00 GB
CompressedClassSpaceSize: 1.00 GB

CodeHeap 'non-profiled nmethods': size=120000Kb used=718Kb max_used=718Kb free=119281Kb
 bounds [0x0000016c87ad0000, 0x0000016c87d40000, 0x0000016c8f000000]
CodeHeap 'profiled nmethods': size=120000Kb used=4543Kb max_used=4543Kb free=115456Kb
 bounds [0x0000016c805a0000, 0x0000016c80a10000, 0x0000016c87ad0000]
CodeHeap 'non-nmethods': size=5760Kb used=1235Kb max_used=1235Kb free=4524Kb
 bounds [0x0000016c80000000, 0x0000016c80270000, 0x0000016c805a0000]
 total_blobs=3191 nmethods=1968 adapters=409
 compilation: enabled
              stopped_count=0, restarted_count=0
 full_count=0

Compilation events (20 events):
Event: 7.197 Thread 0x0000016cfc5fe000 nmethod 1908 0x0000016c87b82990 code [0x0000016c87b82b20, 0x0000016c87b82c58]
Event: 7.258 Thread 0x0000016cfc5fe000 1909       3       org.objectweb.asm.ClassReader::readShort (27 bytes)
Event: 7.259 Thread 0x0000016cfc5fe000 nmethod 1909 0x0000016c809df810 code [0x0000016c809df9c0, 0x0000016c809dfbb8]
Event: 7.259 Thread 0x0000016cfc5fe000 1911       3       org.objectweb.asm.MethodWriter::visitInsn (115 bytes)
Event: 7.260 Thread 0x0000016cfc5fe000 nmethod 1911 0x0000016c809dfc90 code [0x0000016c809dfe80, 0x0000016c809e0390]
Event: 7.260 Thread 0x0000016cfc5fe000 1910       3       org.objectweb.asm.ClassReader::createLabel (21 bytes)
Event: 7.261 Thread 0x0000016cfc5fe000 nmethod 1910 0x0000016c809e0510 code [0x0000016c809e06e0, 0x0000016c809e0c18]
Event: 7.261 Thread 0x0000016cfc5fe000 1912       3       org.objectweb.asm.MethodWriter::visitLineNumber (50 bytes)
Event: 7.262 Thread 0x0000016cfc5fe000 nmethod 1912 0x0000016c809e0e10 code [0x0000016c809e0fe0, 0x0000016c809e1480]
Event: 7.263 Thread 0x0000016cfc5fe000 1913       3       sun.net.www.protocol.file.Handler::parseURL (18 bytes)
Event: 7.263 Thread 0x0000016cfc5fe000 nmethod 1913 0x0000016c809e1690 code [0x0000016c809e1840, 0x0000016c809e1a60]
Event: 7.277 Thread 0x0000016cfc5fe000 1914       3       java.util.Arrays::fill (21 bytes)
Event: 7.278 Thread 0x0000016cfc5fe000 nmethod 1914 0x0000016c809e1b90 code [0x0000016c809e1d40, 0x0000016c809e1f38]
Event: 7.278 Thread 0x0000016cfc5f3000 1915       4       org.objectweb.asm.ClassReader::readMethod (1052 bytes)
Event: 7.296 Thread 0x0000016cfc5fe000 1917       3       java.util.ArrayDeque::circularClear (43 bytes)
Event: 7.296 Thread 0x0000016cfc5fe000 nmethod 1917 0x0000016c809e2010 code [0x0000016c809e21e0, 0x0000016c809e2678]
Event: 7.336 Thread 0x0000016cfc5fe000 1919       3       java.util.regex.Pattern$BmpCharPropertyGreedy::match (89 bytes)
Event: 7.337 Thread 0x0000016cfc5fe000 nmethod 1919 0x0000016c809e2810 code [0x0000016c809e2a00, 0x0000016c809e30f0]
Event: 7.337 Thread 0x0000016cfc5fe000 1920       3       java.util.regex.Pattern$BranchConn::match (11 bytes)
Event: 7.337 Thread 0x0000016cfc5fe000 nmethod 1920 0x0000016c809e3310 code [0x0000016c809e34c0, 0x0000016c809e3710]

GC Heap History (6 events):
Event: 3.560 GC heap before
{Heap before GC invocations=1 (full 0):
 PSYoungGen      total 29696K, used 25600K [0x00000000eab00000, 0x00000000ecc00000, 0x0000000100000000)
  eden space 25600K, 100% used [0x00000000eab00000,0x00000000ec400000,0x00000000ec400000)
  from space 4096K, 0% used [0x00000000ec800000,0x00000000ec800000,0x00000000ecc00000)
  to   space 4096K, 0% used [0x00000000ec400000,0x00000000ec400000,0x00000000ec800000)
 ParOldGen       total 68608K, used 0K [0x00000000c0000000, 0x00000000c4300000, 0x00000000eab00000)
  object space 68608K, 0% used [0x00000000c0000000,0x00000000c0000000,0x00000000c4300000)
 Metaspace       used 4368K, capacity 5507K, committed 5760K, reserved 1056768K
  class space    used 429K, capacity 546K, committed 640K, reserved 1048576K
}
Event: 3.568 GC heap after
{Heap after GC invocations=1 (full 0):
 PSYoungGen      total 29696K, used 2865K [0x00000000eab00000, 0x00000000ecc00000, 0x0000000100000000)
  eden space 25600K, 0% used [0x00000000eab00000,0x00000000eab00000,0x00000000ec400000)
  from space 4096K, 69% used [0x00000000ec400000,0x00000000ec6cc600,0x00000000ec800000)
  to   space 4096K, 0% used [0x00000000ec800000,0x00000000ec800000,0x00000000ecc00000)
 ParOldGen       total 68608K, used 8K [0x00000000c0000000, 0x00000000c4300000, 0x00000000eab00000)
  object space 68608K, 0% used [0x00000000c0000000,0x00000000c0002000,0x00000000c4300000)
 Metaspace       used 4368K, capacity 5507K, committed 5760K, reserved 1056768K
  class space    used 429K, capacity 546K, committed 640K, reserved 1048576K
}
Event: 5.683 GC heap before
{Heap before GC invocations=2 (full 0):
 PSYoungGen      total 29696K, used 28465K [0x00000000eab00000, 0x00000000ecc00000, 0x0000000100000000)
  eden space 25600K, 100% used [0x00000000eab00000,0x00000000ec400000,0x00000000ec400000)
  from space 4096K, 69% used [0x00000000ec400000,0x00000000ec6cc600,0x00000000ec800000)
  to   space 4096K, 0% used [0x00000000ec800000,0x00000000ec800000,0x00000000ecc00000)
 ParOldGen       total 68608K, used 8K [0x00000000c0000000, 0x00000000c4300000, 0x00000000eab00000)
  object space 68608K, 0% used [0x00000000c0000000,0x00000000c0002000,0x00000000c4300000)
 Metaspace       used 8828K, capacity 9425K, committed 9600K, reserved 1058816K
  class space    used 853K, capacity 1038K, committed 1152K, reserved 1048576K
}
Event: 5.739 GC heap after
{Heap after GC invocations=2 (full 0):
 PSYoungGen      total 29696K, used 4064K [0x00000000eab00000, 0x00000000ecc00000, 0x0000000100000000)
  eden space 25600K, 0% used [0x00000000eab00000,0x00000000eab00000,0x00000000ec400000)
  from space 4096K, 99% used [0x00000000ec800000,0x00000000ecbf8388,0x00000000ecc00000)
  to   space 4096K, 0% used [0x00000000ec400000,0x00000000ec400000,0x00000000ec800000)
 ParOldGen       total 68608K, used 152K [0x00000000c0000000, 0x00000000c4300000, 0x00000000eab00000)
  object space 68608K, 0% used [0x00000000c0000000,0x00000000c0026278,0x00000000c4300000)
 Metaspace       used 8828K, capacity 9425K, committed 9600K, reserved 1058816K
  class space    used 853K, capacity 1038K, committed 1152K, reserved 1048576K
}
Event: 6.906 GC heap before
{Heap before GC invocations=3 (full 0):
 PSYoungGen      total 29696K, used 29540K [0x00000000eab00000, 0x00000000ecc00000, 0x0000000100000000)
  eden space 25600K, 99% used [0x00000000eab00000,0x00000000ec3e0fa0,0x00000000ec400000)
  from space 4096K, 99% used [0x00000000ec800000,0x00000000ecbf8388,0x00000000ecc00000)
  to   space 4096K, 0% used [0x00000000ec400000,0x00000000ec400000,0x00000000ec800000)
 ParOldGen       total 68608K, used 152K [0x00000000c0000000, 0x00000000c4300000, 0x00000000eab00000)
  object space 68608K, 0% used [0x00000000c0000000,0x00000000c0026278,0x00000000c4300000)
 Metaspace       used 12550K, capacity 13546K, committed 13696K, reserved 1060864K
  class space    used 1202K, capacity 1560K, committed 1664K, reserved 1048576K
}
Event: 6.915 GC heap after
{Heap after GC invocations=3 (full 0):
 PSYoungGen      total 29696K, used 4077K [0x00000000eab00000, 0x00000000ecc00000, 0x0000000100000000)
  eden space 25600K, 0% used [0x00000000eab00000,0x00000000eab00000,0x00000000ec400000)
  from space 4096K, 99% used [0x00000000ec400000,0x00000000ec7fb5c8,0x00000000ec800000)
  to   space 4096K, 0% used [0x00000000ec800000,0x00000000ec800000,0x00000000ecc00000)
 ParOldGen       total 68608K, used 3466K [0x00000000c0000000, 0x00000000c4300000, 0x00000000eab00000)
  object space 68608K, 5% used [0x00000000c0000000,0x00000000c0362a18,0x00000000c4300000)
 Metaspace       used 12550K, capacity 13546K, committed 13696K, reserved 1060864K
  class space    used 1202K, capacity 1560K, committed 1664K, reserved 1048576K
}

Deoptimization events (20 events):
Event: 6.131 Thread 0x0000016cfde8f800 Uncommon trap: trap_request=0xffffffde fr.pc=0x0000016c87b3fefc relative=0x0000000000000abc
Event: 6.131 Thread 0x0000016cfde8f800 Uncommon trap: reason=class_check action=maybe_recompile pc=0x0000016c87b3fefc method=java.util.HashMap.putVal(ILjava/lang/Object;Ljava/lang/Object;ZZ)Ljava/lang/Object; @ 91 c2
Event: 6.131 Thread 0x0000016cfde8f800 DEOPT PACKING pc=0x0000016c87b3fefc sp=0x00000006702f7570
Event: 6.131 Thread 0x0000016cfde8f800 DEOPT UNPACKING pc=0x0000016c8004912f sp=0x00000006702f74f0 mode 2
Event: 6.132 Thread 0x0000016cfde8f800 DEOPT PACKING pc=0x0000016c80703fa6 sp=0x00000006702f75e0
Event: 6.132 Thread 0x0000016cfde8f800 DEOPT UNPACKING pc=0x0000016c8004964e sp=0x00000006702f6ad8 mode 0
Event: 6.190 Thread 0x0000016cfde8f800 DEOPT PACKING pc=0x0000016c80703fa6 sp=0x00000006702f8900
Event: 6.190 Thread 0x0000016cfde8f800 DEOPT UNPACKING pc=0x0000016c8004964e sp=0x00000006702f7df8 mode 0
Event: 6.193 Thread 0x0000016cfde8f800 DEOPT PACKING pc=0x0000016c80703fa6 sp=0x00000006702f8900
Event: 6.193 Thread 0x0000016cfde8f800 DEOPT UNPACKING pc=0x0000016c8004964e sp=0x00000006702f7df8 mode 0
Event: 6.219 Thread 0x0000016cfde8f800 Uncommon trap: trap_request=0xffffff45 fr.pc=0x0000016c87b05ebc relative=0x0000000000000f7c
Event: 6.219 Thread 0x0000016cfde8f800 Uncommon trap: reason=unstable_if action=reinterpret pc=0x0000016c87b05ebc method=lombok.patcher.PatchScript.classMatches(Ljava/lang/String;Ljava/util/Collection;)Z @ 25 c2
Event: 6.219 Thread 0x0000016cfde8f800 DEOPT PACKING pc=0x0000016c87b05ebc sp=0x00000006702f67c0
Event: 6.219 Thread 0x0000016cfde8f800 DEOPT UNPACKING pc=0x0000016c8004912f sp=0x00000006702f6780 mode 2
Event: 6.251 Thread 0x0000016cfde8f800 DEOPT PACKING pc=0x0000016c805fe7b0 sp=0x00000006702f7d30
Event: 6.251 Thread 0x0000016cfde8f800 DEOPT UNPACKING pc=0x0000016c8004964e sp=0x00000006702f7180 mode 0
Event: 6.257 Thread 0x0000016cfde8f800 DEOPT PACKING pc=0x0000016c80888ca8 sp=0x00000006702f5e20
Event: 6.257 Thread 0x0000016cfde8f800 DEOPT UNPACKING pc=0x0000016c8004964e sp=0x00000006702f5300 mode 0
Event: 6.361 Thread 0x0000016cfde8f800 DEOPT PACKING pc=0x0000016c80703fa6 sp=0x00000006702f76f0
Event: 6.361 Thread 0x0000016cfde8f800 DEOPT UNPACKING pc=0x0000016c8004964e sp=0x00000006702f6be8 mode 0

Classes unloaded (0 events):
No events

Classes redefined (0 events):
No events

Internal exceptions (20 events):
Event: 3.496 Thread 0x0000016cf155e000 Exception <a 'java/lang/ClassNotFoundException'{0x00000000ec2b8378}: sun/net/www/protocol/c/Handler> (0x00000000ec2b8378) 
thrown [t:/workspace/open/src/hotspot/share/classfile/systemDictionary.cpp, line 232]
Event: 3.496 Thread 0x0000016cf155e000 Exception <a 'java/lang/ClassNotFoundException'{0x00000000ec2b9770}: sun/net/www/protocol/c/Handler> (0x00000000ec2b9770) 
thrown [t:/workspace/open/src/hotspot/share/classfile/systemDictionary.cpp, line 232]
Event: 3.516 Thread 0x0000016cf155e000 Exception <a 'java/io/FileNotFoundException'{0x00000000ec2d4528}> (0x00000000ec2d4528) 
thrown [t:/workspace/open/src/hotspot/share/prims/jni.cpp, line 598]
Event: 3.589 Thread 0x0000016cf155e000 Implicit null exception at 0x0000016c87b20b65 to 0x0000016c87b20d3a
Event: 3.591 Thread 0x0000016cf155e000 Implicit null exception at 0x0000016c87b1102f to 0x0000016c87b110ad
Event: 3.592 Thread 0x0000016cf155e000 Implicit null exception at 0x0000016c87b0f5eb to 0x0000016c87b0ff6e
Event: 3.686 Thread 0x0000016cf155e000 Exception <a 'java/lang/NoSuchMethodError'{0x00000000ead67b40}: 'int java.lang.invoke.DirectMethodHandle$Holder.invokeStaticInit(java.lang.Object, java.lang.Object, java.lang.Object, java.lang.Object)'> (0x00000000ead67b40) 
thrown [t:/workspace/open/src/hotspot/share/interpreter/linkResolver.cpp, line 767]
Event: 3.688 Thread 0x0000016cf155e000 Exception <a 'java/lang/IncompatibleClassChangeError'{0x00000000ead71250}: Found class java.lang.Object, but interface was expected> (0x00000000ead71250) 
thrown [t:/workspace/open/src/hotspot/share/interpreter/linkResolver.cpp, line 833]
Event: 3.690 Thread 0x0000016cf155e000 Exception <a 'java/lang/NoSuchMethodError'{0x00000000ead76d30}: 'void java.lang.invoke.DirectMethodHandle$Holder.invokeStaticInit(java.lang.Object, java.lang.Object)'> (0x00000000ead76d30) 
thrown [t:/workspace/open/src/hotspot/share/interpreter/linkResolver.cpp, line 767]
Event: 3.692 Thread 0x0000016cf155e000 Exception <a 'java/lang/NoSuchMethodError'{0x00000000ead804b0}: 'int java.lang.invoke.DirectMethodHandle$Holder.invokeStaticInit(java.lang.Object, java.lang.Object)'> (0x00000000ead804b0) 
thrown [t:/workspace/open/src/hotspot/share/interpreter/linkResolver.cpp, line 767]
Event: 4.983 Thread 0x0000016cfde27800 Implicit null exception at 0x0000016c87b4c698 to 0x0000016c87b4c74a
Event: 4.995 Thread 0x0000016cf155e000 Exception <a 'java/lang/UnsatisfiedLinkError'{0x00000000ebe54270}: 'void org.eclipse.equinox.launcher.JNIBridge._update_splash()'> (0x00000000ebe54270) 
thrown [t:/workspace/open/src/hotspot/share/prims/nativeLookup.cpp, line 387]
Event: 5.507 Thread 0x0000016cfde8f800 Exception <a 'java/io/FileNotFoundException'{0x00000000ec2831b0}> (0x00000000ec2831b0) 
thrown [t:/workspace/open/src/hotspot/share/prims/jni.cpp, line 598]
Event: 6.340 Thread 0x0000016cfde8f800 Exception <a 'java/io/FileNotFoundException'{0x00000000eb4bf140}> (0x00000000eb4bf140) 
thrown [t:/workspace/open/src/hotspot/share/prims/jni.cpp, line 598]
Event: 6.354 Thread 0x0000016cfde8f800 Exception <a 'java/io/FileNotFoundException'{0x00000000eb4e3a40}> (0x00000000eb4e3a40) 
thrown [t:/workspace/open/src/hotspot/share/prims/jni.cpp, line 598]
Event: 6.962 Thread 0x0000016cfde8f800 Exception <a 'java/io/FileNotFoundException'{0x00000000eae6eff8}> (0x00000000eae6eff8) 
thrown [t:/workspace/open/src/hotspot/share/prims/jni.cpp, line 598]
Event: 6.963 Thread 0x0000016cfde8f800 Exception <a 'java/io/FileNotFoundException'{0x00000000eae70130}> (0x00000000eae70130) 
thrown [t:/workspace/open/src/hotspot/share/prims/jni.cpp, line 598]
Event: 6.963 Thread 0x0000016cfde8f800 Exception <a 'java/io/FileNotFoundException'{0x00000000eae71270}> (0x00000000eae71270) 
thrown [t:/workspace/open/src/hotspot/share/prims/jni.cpp, line 598]
Event: 7.159 Thread 0x0000016cfde8f800 Exception <a 'java/lang/NoSuchMethodError'{0x00000000eb6870c0}: 'int java.lang.invoke.DirectMethodHandle$Holder.invokeStaticInit(java.lang.Object, java.lang.Object, java.lang.Object)'> (0x00000000eb6870c0) 
thrown [t:/workspace/open/src/hotspot/share/interpreter/linkResolver.cpp, line 767]
Event: 7.392 Thread 0x0000016cfde8f800 Exception <a 'java/io/FileNotFoundException'{0x00000000ec04d558}> (0x00000000ec04d558) 
thrown [t:/workspace/open/src/hotspot/share/prims/jni.cpp, line 598]

Events (20 events):
Event: 6.916 Executing VM operation: RevokeBias done
Event: 6.916 Thread 0x0000016cfda97800 Thread added: 0x0000016cfda97800
Event: 6.917 Executing VM operation: RevokeBias
Event: 6.918 Executing VM operation: RevokeBias done
Event: 6.961 loading class org/eclipse/jdt/internal/core/search/indexing/IndexNamesRegistry
Event: 6.961 loading class org/eclipse/jdt/internal/core/search/indexing/IndexNamesRegistry done
Event: 6.961 loading class org/eclipse/core/runtime/IProgressMonitor
Event: 6.961 loading class org/eclipse/core/runtime/IProgressMonitor done
Event: 6.961 loading class org/eclipse/core/runtime/IProgressMonitor
Event: 6.961 loading class org/eclipse/core/runtime/IProgressMonitor done
Event: 6.961 loading class org/eclipse/core/runtime/IProgressMonitor
Event: 6.961 loading class org/eclipse/core/runtime/IProgressMonitor done
Event: 7.141 Executing VM operation: RevokeBias
Event: 7.142 Executing VM operation: RevokeBias done
Event: 7.158 loading class org/eclipse/jdt/internal/compiler/lookup/ReferenceBinding
Event: 7.158 loading class org/eclipse/jdt/internal/compiler/lookup/ReferenceBinding done
Event: 7.162 loading class org/eclipse/jdt/internal/compiler/lookup/ReferenceBinding
Event: 7.162 loading class org/eclipse/jdt/internal/compiler/lookup/ReferenceBinding done
Event: 7.370 loading class java/nio/channels/ClosedChannelException
Event: 7.370 loading class java/nio/channels/ClosedChannelException done


Dynamic libraries:
0x00007ff6aee20000 - 0x00007ff6aee2f000 	C:\Users\admin\Win2020\JDK\jdk-13.0.2\bin\java.exe
0x00007ffa53140000 - 0x00007ffa53330000 	C:\WINDOWS\SYSTEM32\ntdll.dll
0x00007ffa52f00000 - 0x00007ffa52fb2000 	C:\WINDOWS\System32\KERNEL32.DLL
0x00007ffa50a00000 - 0x00007ffa50ca4000 	C:\WINDOWS\System32\KERNELBASE.dll
0x00007ffa50e90000 - 0x00007ffa50f8a000 	C:\WINDOWS\System32\ucrtbase.dll
0x00007ffa44e20000 - 0x00007ffa44e35000 	C:\Users\admin\Win2020\JDK\jdk-13.0.2\bin\VCRUNTIME140.dll
0x00007ffa447f0000 - 0x00007ffa44808000 	C:\Users\admin\Win2020\JDK\jdk-13.0.2\bin\jli.dll
0x00007ffa524f0000 - 0x00007ffa52593000 	C:\WINDOWS\System32\ADVAPI32.dll
0x00007ffa52b90000 - 0x00007ffa52c2e000 	C:\WINDOWS\System32\msvcrt.dll
0x00007ffa51f50000 - 0x00007ffa51fe7000 	C:\WINDOWS\System32\sechost.dll
0x00007ffa52de0000 - 0x00007ffa52f00000 	C:\WINDOWS\System32\RPCRT4.dll
0x00007ffa52980000 - 0x00007ffa52b14000 	C:\WINDOWS\System32\USER32.dll
0x00007ffa50e60000 - 0x00007ffa50e81000 	C:\WINDOWS\System32\win32u.dll
0x00007ffa52db0000 - 0x00007ffa52dd6000 	C:\WINDOWS\System32\GDI32.dll
0x00007ffa453c0000 - 0x00007ffa45644000 	C:\WINDOWS\WinSxS\amd64_microsoft.windows.common-controls_6595b64144ccf1df_6.0.18362.959_none_e6c7bbbf130c62bb\COMCTL32.dll
0x00007ffa51050000 - 0x00007ffa511e6000 	C:\WINDOWS\System32\gdi32full.dll
0x00007ffa51a60000 - 0x00007ffa51d95000 	C:\WINDOWS\System32\combase.dll
0x00007ffa50f90000 - 0x00007ffa5102e000 	C:\WINDOWS\System32\msvcp_win.dll
0x00007ffa501f0000 - 0x00007ffa50270000 	C:\WINDOWS\System32\bcryptPrimitives.dll
0x00007ffa481c0000 - 0x00007ffa481ca000 	C:\WINDOWS\SYSTEM32\VERSION.dll
0x00007ffa524c0000 - 0x00007ffa524ee000 	C:\WINDOWS\System32\IMM32.DLL
0x00007ffa2f030000 - 0x00007ffa2f0cb000 	C:\Users\admin\Win2020\JDK\jdk-13.0.2\bin\msvcp140.dll
0x00007ffa0e420000 - 0x00007ffa0ef7d000 	C:\Users\admin\Win2020\JDK\jdk-13.0.2\bin\server\jvm.dll
0x00007ffa52610000 - 0x00007ffa52618000 	C:\WINDOWS\System32\PSAPI.DLL
0x00007ffa4e4b0000 - 0x00007ffa4e4b9000 	C:\WINDOWS\SYSTEM32\WSOCK32.dll
0x00007ffa525a0000 - 0x00007ffa5260f000 	C:\WINDOWS\System32\WS2_32.dll
0x00007ffa4d090000 - 0x00007ffa4d0b4000 	C:\WINDOWS\SYSTEM32\WINMM.dll
0x00007ffa4d060000 - 0x00007ffa4d08d000 	C:\WINDOWS\SYSTEM32\winmmbase.dll
0x00007ffa500f0000 - 0x00007ffa5013a000 	C:\WINDOWS\System32\cfgmgr32.dll
0x00007ffa50000000 - 0x00007ffa50011000 	C:\WINDOWS\System32\kernel.appcore.dll
0x00007ffa4a8c0000 - 0x00007ffa4a8d0000 	C:\Users\admin\Win2020\JDK\jdk-13.0.2\bin\verify.dll
0x00007ffa4e290000 - 0x00007ffa4e484000 	C:\WINDOWS\SYSTEM32\DBGHELP.DLL
0x00007ffa3d9e0000 - 0x00007ffa3da0a000 	C:\WINDOWS\SYSTEM32\dbgcore.DLL
0x00007ffa42f80000 - 0x00007ffa42fa6000 	C:\Users\admin\Win2020\JDK\jdk-13.0.2\bin\java.dll
0x00007ffa48e70000 - 0x00007ffa48e7e000 	C:\Users\admin\Win2020\JDK\jdk-13.0.2\bin\instrument.dll
0x00007ffa44710000 - 0x00007ffa44727000 	C:\Users\admin\Win2020\JDK\jdk-13.0.2\bin\zip.dll
0x00007ffa48d20000 - 0x00007ffa48d2a000 	C:\Users\admin\Win2020\JDK\jdk-13.0.2\bin\jimage.dll
0x00007ffa512c0000 - 0x00007ffa519a6000 	C:\WINDOWS\System32\SHELL32.dll
0x00007ffa519b0000 - 0x00007ffa51a59000 	C:\WINDOWS\System32\shcore.dll
0x00007ffa50270000 - 0x00007ffa509f2000 	C:\WINDOWS\System32\windows.storage.dll
0x00007ffa50020000 - 0x00007ffa50043000 	C:\WINDOWS\System32\profapi.dll
0x00007ffa50050000 - 0x00007ffa5009a000 	C:\WINDOWS\System32\powrprof.dll
0x00007ffa4fff0000 - 0x00007ffa50000000 	C:\WINDOWS\System32\UMPDC.dll
0x00007ffa52880000 - 0x00007ffa528d2000 	C:\WINDOWS\System32\shlwapi.dll
0x00007ffa51030000 - 0x00007ffa51047000 	C:\WINDOWS\System32\cryptsp.dll
0x00007ffa446d0000 - 0x00007ffa446e9000 	C:\Users\admin\Win2020\JDK\jdk-13.0.2\bin\net.dll
0x00007ffa45bf0000 - 0x00007ffa45ce0000 	C:\WINDOWS\SYSTEM32\WINHTTP.dll
0x00007ffa4f860000 - 0x00007ffa4f8c7000 	C:\WINDOWS\system32\mswsock.dll
0x00007ffa42f60000 - 0x00007ffa42f73000 	C:\Users\admin\Win2020\JDK\jdk-13.0.2\bin\nio.dll
0x00007ffa4f3d0000 - 0x00007ffa4f403000 	C:\WINDOWS\system32\rsaenh.dll
0x00007ffa500c0000 - 0x00007ffa500e6000 	C:\WINDOWS\System32\bcrypt.dll
0x00007ffa4ff10000 - 0x00007ffa4ff35000 	C:\WINDOWS\SYSTEM32\USERENV.dll
0x00007ffa4fa30000 - 0x00007ffa4fa3c000 	C:\WINDOWS\SYSTEM32\CRYPTBASE.dll
0x00007ffa4f570000 - 0x00007ffa4f5aa000 	C:\WINDOWS\SYSTEM32\IPHLPAPI.DLL
0x00007ffa528e0000 - 0x00007ffa528e8000 	C:\WINDOWS\System32\NSI.dll
0x00007ffa48ef0000 - 0x00007ffa48f06000 	C:\WINDOWS\SYSTEM32\dhcpcsvc6.DLL
0x00007ffa47430000 - 0x00007ffa4744c000 	C:\WINDOWS\SYSTEM32\dhcpcsvc.DLL
0x00007ffa4f600000 - 0x00007ffa4f6cb000 	C:\WINDOWS\SYSTEM32\DNSAPI.dll
0x00007ffa3d840000 - 0x00007ffa3d869000 	C:\Users\admin\AppData\Roaming\Code\User\globalStorage\redhat.java\0.65.0\config_ss_win\org.eclipse.equinox.launcher\org.eclipse.equinox.launcher.win32.win32.x86_64_1.1.1200.v20200508-1552\eclipse_11000.dll

dbghelp: loaded successfully - version: 4.0.5 - missing functions: none
symbol engine: initialized successfully - sym options: 0x614 - pdb path: .;C:\Users\admin\Win2020\JDK\jdk-13.0.2\bin;C:\WINDOWS\SYSTEM32;C:\WINDOWS\WinSxS\amd64_microsoft.windows.common-controls_6595b64144ccf1df_6.0.18362.959_none_e6c7bbbf130c62bb;C:\Users\admin\Win2020\JDK\jdk-13.0.2\bin\server;C:\Users\admin\AppData\Roaming\Code\User\globalStorage\redhat.java\0.65.0\config_ss_win\org.eclipse.equinox.launcher\org.eclipse.equinox.launcher.win32.win32.x86_64_1.1.1200.v20200508-1552

VM Arguments:
jvm_args: --add-modules=ALL-SYSTEM --add-opens=java.base/java.util=ALL-UNNAMED --add-opens=java.base/java.lang=ALL-UNNAMED -Declipse.application=org.eclipse.jdt.ls.core.id1 -Dosgi.bundles.defaultStartLevel=4 -Declipse.product=org.eclipse.jdt.ls.core.product -Dfile.encoding=utf8 -DwatchParentProcess=false -XX:+UseParallelGC -XX:GCTimeRatio=4 -XX:AdaptiveSizePolicyWeight=90 -Dsun.zip.disableMemoryMapping=true -Xmx1G -Xms100m -javaagent:c:\Users\admin\.vscode\extensions\gabrielbb.vscode-lombok-1.0.1\server\lombok.jar 
java_command: c:\Users\admin\.vscode\extensions\redhat.java-0.65.0\server\plugins\org.eclipse.equinox.launcher_1.5.700.v20200207-2156.jar -configuration c:\Users\admin\AppData\Roaming\Code\User\globalStorage\redhat.java\0.65.0\config_ss_win -data c:\Users\admin\AppData\Roaming\Code\User\workspaceStorage\413918f1b306fc7d3e25d75b7146ddd1\redhat.java\ss_ws
java_class_path (initial): c:\Users\admin\.vscode\extensions\redhat.java-0.65.0\server\plugins\org.eclipse.equinox.launcher_1.5.700.v20200207-2156.jar
Launcher Type: SUN_STANDARD

[Global flags]
    uintx AdaptiveSizePolicyWeight                 = 90                                        {product} {command line}
     intx CICompilerCount                          = 3                                         {product} {ergonomic}
    uintx GCTimeRatio                              = 4                                         {product} {command line}
   size_t InitialHeapSize                          = 104857600                                 {product} {command line}
   size_t MaxHeapSize                              = 1073741824                                {product} {command line}
   size_t MaxNewSize                               = 357564416                                 {product} {ergonomic}
   size_t MinHeapDeltaBytes                        = 524288                                    {product} {ergonomic}
   size_t MinHeapSize                              = 104857600                                 {product} {command line}
   size_t NewSize                                  = 34603008                                  {product} {ergonomic}
    uintx NonNMethodCodeHeapSize                   = 5832780                                {pd product} {ergonomic}
    uintx NonProfiledCodeHeapSize                  = 122912730                              {pd product} {ergonomic}
   size_t OldSize                                  = 70254592                                  {product} {ergonomic}
    uintx ProfiledCodeHeapSize                     = 122912730                              {pd product} {ergonomic}
    uintx ReservedCodeCacheSize                    = 251658240                              {pd product} {ergonomic}
     bool SegmentedCodeCache                       = true                                      {product} {ergonomic}
   size_t SoftMaxHeapSize                          = 1073741824                             {manageable} {ergonomic}
     bool UseCompressedClassPointers               = true                                 {lp64_product} {ergonomic}
     bool UseCompressedOops                        = true                                 {lp64_product} {ergonomic}
     bool UseLargePagesIndividualAllocation        = false                                  {pd product} {ergonomic}
     bool UseParallelGC                            = true                                      {product} {command line}

Logging:
Log output configuration:
 #0: stdout all=warning uptime,level,tags
 #1: stderr all=off uptime,level,tags

Environment Variables:
JAVA_HOME=C:\Users\admin\Win2020\JDK\jdk-13.0.2
PATH=C:\Python38\Scripts\;C:\Python38\;C:\Program Files (x86)\Common Files\Oracle\Java\javapath;C:\ProgramData\Oracle\Java\javapath;C:\WINDOWS\system32;C:\WINDOWS;C:\WINDOWS\System32\Wbem;C:\WINDOWS\System32\WindowsPowerShell\v1.0\;C:\Program Files (x86)\Skype\Phone\;C:\WINDOWS\System32\OpenSSH\;C:\Program Files\Intel\WiFi\bin\;C:\Program Files\Common Files\Intel\WirelessCommon\;C:\ProgramData\chocolatey\bin;C:\Users\admin\Win2020\NPM\;C:\Program Files\Git\cmd;C:\Users\admin\AppData\Local\Microsoft\WindowsApps;C:\Program Files\Intel\WiFi\bin\;C:\Program Files\Common Files\Intel\WirelessCommon\;C:\Users\admin\AppData\Local\Programs\Microsoft VS Code\bin;C:\Users\admin\AppData\Local\GitHubDesktop\bin;C:\Users\admin\AppData\Roaming\npm
USERNAME=admin
OS=Windows_NT
PROCESSOR_IDENTIFIER=Intel64 Family 6 Model 61 Stepping 4, GenuineIntel



---------------  S Y S T E M  ---------------

OS: Windows 10 , 64 bit Build 18362 (10.0.18362.959)

CPU:total 4 (initial active 4) (2 cores per cpu, 2 threads per core) family 6 model 61 stepping 4, cmov, cx8, fxsr, mmx, sse, sse2, sse3, ssse3, sse4.1, sse4.2, popcnt, avx, avx2, aes, clmul, erms, rtm, 3dnowpref, lzcnt, ht, tsc, tscinvbit, bmi1, bmi2, adx, fma

Memory: 4k page, system-wide physical 8080M (1780M free)
TotalPageFile size 10128M (AvailPageFile size 7M)
current process WorkingSet (physical memory assigned to process): 110M, peak: 110M
current process commit charge ("private bytes"): 216M, peak: 216M

vm_info: Java HotSpot(TM) 64-Bit Server VM (13.0.2+8) for windows-amd64 JRE (13.0.2+8), built on Dec 11 2019 09:20:33 by "mach5one" with unknown MS VC++:1916

END.
